[1.136s] Invoking command in '/home/mobot/ROS2/workspace/src/ps5_controller': PYTHONPATH=/home/mobot/ROS2/workspace/build/ps5_controller/prefix_override:/usr/lib/python3/dist-packages/colcon_core/task/python/colcon_distutils_commands:/home/mobot/ROS2/workspace/install/ps5_controller/lib/python3.12/site-packages:${PYTHONPATH} /usr/bin/python3 -W ignore:setup.py install is deprecated setup.py egg_info --egg-base ../../build/ps5_controller build --build-base /home/mobot/ROS2/workspace/build/ps5_controller/build install --record /home/mobot/ROS2/workspace/build/ps5_controller/install.log --single-version-externally-managed install_data
[1.483s] running egg_info
[1.508s] writing ../../build/ps5_controller/ps5_controller.egg-info/PKG-INFO
[1.508s] writing dependency_links to ../../build/ps5_controller/ps5_controller.egg-info/dependency_links.txt
[1.508s] writing entry points to ../../build/ps5_controller/ps5_controller.egg-info/entry_points.txt
[1.508s] writing requirements to ../../build/ps5_controller/ps5_controller.egg-info/requires.txt
[1.508s] writing top-level names to ../../build/ps5_controller/ps5_controller.egg-info/top_level.txt
[1.559s] reading manifest file '../../build/ps5_controller/ps5_controller.egg-info/SOURCES.txt'
[1.560s] writing manifest file '../../build/ps5_controller/ps5_controller.egg-info/SOURCES.txt'
[1.560s] running build
[1.560s] running build_py
[1.560s] copying ps5_controller/ps5_publisher_node.py -> /home/mobot/ROS2/workspace/build/ps5_controller/build/lib/ps5_controller
[1.561s] running install
[1.570s] running install_lib
[1.595s] copying /home/mobot/ROS2/workspace/build/ps5_controller/build/lib/ps5_controller/ps5_publisher_node.py -> /home/mobot/ROS2/workspace/install/ps5_controller/lib/python3.12/site-packages/ps5_controller
[1.596s] byte-compiling /home/mobot/ROS2/workspace/install/ps5_controller/lib/python3.12/site-packages/ps5_controller/ps5_publisher_node.py to ps5_publisher_node.cpython-312.pyc
[1.597s]   File "/home/mobot/ROS2/workspace/install/ps5_controller/lib/python3.12/site-packages/ps5_controller/ps5_publisher_node.py", line 17
[1.597s]     except ImportError:
[1.597s]     ^^^^^^
[1.597s] SyntaxError: invalid syntax
[1.597s] 
[1.597s] running install_data
[1.597s] running install_egg_info
[1.624s] removing '/home/mobot/ROS2/workspace/install/ps5_controller/lib/python3.12/site-packages/ps5_controller-0.0.0-py3.12.egg-info' (and everything under it)
[1.624s] Copying ../../build/ps5_controller/ps5_controller.egg-info to /home/mobot/ROS2/workspace/install/ps5_controller/lib/python3.12/site-packages/ps5_controller-0.0.0-py3.12.egg-info
[1.625s] running install_scripts
[1.799s] Installing ps5_publisher_node script to /home/mobot/ROS2/workspace/install/ps5_controller/lib/ps5_controller
[1.799s] writing list of installed files to '/home/mobot/ROS2/workspace/build/ps5_controller/install.log'
[1.875s] Invoked command in '/home/mobot/ROS2/workspace/src/ps5_controller' returned '0': PYTHONPATH=/home/mobot/ROS2/workspace/build/ps5_controller/prefix_override:/usr/lib/python3/dist-packages/colcon_core/task/python/colcon_distutils_commands:/home/mobot/ROS2/workspace/install/ps5_controller/lib/python3.12/site-packages:${PYTHONPATH} /usr/bin/python3 -W ignore:setup.py install is deprecated setup.py egg_info --egg-base ../../build/ps5_controller build --build-base /home/mobot/ROS2/workspace/build/ps5_controller/build install --record /home/mobot/ROS2/workspace/build/ps5_controller/install.log --single-version-externally-managed install_data
