[1.283s] Invoking command in '/home/mobot/ROS2/workspace/src/ps5_controller': AMENT_PREFIX_PATH=/home/mobot/ROS2/workspace/install/custom_msg_types:/home/mobot/ROS2/workspace/install/ps5_controller:/opt/ros/jazzy PS1=(ROS2) \[\e]0;\u@\h: \w\a\]${debian_chroot:+($debian_chroot)}\[\033[01;32m\]\u@\h\[\033[00m\]:\[\033[01;34m\]\w\[\033[00m\]\$ PYTHONPATH=/home/mobot/ROS2/workspace/build/ps5_controller/prefix_override:/usr/lib/python3/dist-packages/colcon_core/task/python/colcon_distutils_commands:/home/mobot/ROS2/workspace/install/ps5_controller/lib/python3.12/site-packages:/home/mobot/ROS2/workspace/install/custom_msg_types/lib/python3.12/site-packages:/home/mobot/ROS2/workspace/install/ps5_controller/lib/python3.12/site-packages:/home/mobot/ROS2/lib/python3.12/site-packages:/opt/ros/jazzy/lib/python3.12/site-packages VIRTUAL_ENV_PROMPT=(ROS2) /usr/bin/python3 -W ignore:setup.py install is deprecated setup.py egg_info --egg-base ../../build/ps5_controller build --build-base /home/mobot/ROS2/workspace/build/ps5_controller/build install --record /home/mobot/ROS2/workspace/build/ps5_controller/install.log --single-version-externally-managed install_data
[1.664s] running egg_info
[1.690s] writing ../../build/ps5_controller/ps5_controller.egg-info/PKG-INFO
[1.690s] writing dependency_links to ../../build/ps5_controller/ps5_controller.egg-info/dependency_links.txt
[1.691s] writing entry points to ../../build/ps5_controller/ps5_controller.egg-info/entry_points.txt
[1.691s] writing requirements to ../../build/ps5_controller/ps5_controller.egg-info/requires.txt
[1.691s] writing top-level names to ../../build/ps5_controller/ps5_controller.egg-info/top_level.txt
[1.744s] reading manifest file '../../build/ps5_controller/ps5_controller.egg-info/SOURCES.txt'
[1.745s] writing manifest file '../../build/ps5_controller/ps5_controller.egg-info/SOURCES.txt'
[1.746s] running build
[1.746s] running build_py
[1.746s] copying ps5_controller/test.py -> /home/mobot/ROS2/workspace/build/ps5_controller/build/lib/ps5_controller
[1.746s] copying ps5_controller/ps5_publisher_node.py -> /home/mobot/ROS2/workspace/build/ps5_controller/build/lib/ps5_controller
[1.746s] copying ps5_controller/__init__.py -> /home/mobot/ROS2/workspace/build/ps5_controller/build/lib/ps5_controller
[1.746s] copying ps5_controller/OLD_ps5_publisher_node.py -> /home/mobot/ROS2/workspace/build/ps5_controller/build/lib/ps5_controller
[1.747s] running install
[1.755s] running install_lib
[1.780s] copying /home/mobot/ROS2/workspace/build/ps5_controller/build/lib/ps5_controller/ps5_publisher_node.py -> /home/mobot/ROS2/workspace/install/ps5_controller/lib/python3.12/site-packages/ps5_controller
[1.781s] byte-compiling /home/mobot/ROS2/workspace/install/ps5_controller/lib/python3.12/site-packages/ps5_controller/ps5_publisher_node.py to ps5_publisher_node.cpython-312.pyc
[1.783s] running install_data
[1.783s] copying resource/ps5_controller -> /home/mobot/ROS2/workspace/install/ps5_controller/share/ament_index/resource_index/packages
[1.783s] copying package.xml -> /home/mobot/ROS2/workspace/install/ps5_controller/share/ps5_controller
[1.784s] running install_egg_info
[1.810s] removing '/home/mobot/ROS2/workspace/install/ps5_controller/lib/python3.12/site-packages/ps5_controller-0.0.0-py3.12.egg-info' (and everything under it)
[1.810s] Copying ../../build/ps5_controller/ps5_controller.egg-info to /home/mobot/ROS2/workspace/install/ps5_controller/lib/python3.12/site-packages/ps5_controller-0.0.0-py3.12.egg-info
[1.812s] running install_scripts
[1.988s] Installing ps5_publisher_node script to /home/mobot/ROS2/workspace/install/ps5_controller/lib/ps5_controller
[1.988s] writing list of installed files to '/home/mobot/ROS2/workspace/build/ps5_controller/install.log'
[2.065s] Invoked command in '/home/mobot/ROS2/workspace/src/ps5_controller' returned '0': AMENT_PREFIX_PATH=/home/mobot/ROS2/workspace/install/custom_msg_types:/home/mobot/ROS2/workspace/install/ps5_controller:/opt/ros/jazzy PS1=(ROS2) \[\e]0;\u@\h: \w\a\]${debian_chroot:+($debian_chroot)}\[\033[01;32m\]\u@\h\[\033[00m\]:\[\033[01;34m\]\w\[\033[00m\]\$ PYTHONPATH=/home/mobot/ROS2/workspace/build/ps5_controller/prefix_override:/usr/lib/python3/dist-packages/colcon_core/task/python/colcon_distutils_commands:/home/mobot/ROS2/workspace/install/ps5_controller/lib/python3.12/site-packages:/home/mobot/ROS2/workspace/install/custom_msg_types/lib/python3.12/site-packages:/home/mobot/ROS2/workspace/install/ps5_controller/lib/python3.12/site-packages:/home/mobot/ROS2/lib/python3.12/site-packages:/opt/ros/jazzy/lib/python3.12/site-packages VIRTUAL_ENV_PROMPT=(ROS2) /usr/bin/python3 -W ignore:setup.py install is deprecated setup.py egg_info --egg-base ../../build/ps5_controller build --build-base /home/mobot/ROS2/workspace/build/ps5_controller/build install --record /home/mobot/ROS2/workspace/build/ps5_controller/install.log --single-version-externally-managed install_data
