running develop
/usr/lib/python3/dist-packages/setuptools/command/develop.py:40: EasyInstallDeprecationWarning: easy_install command is deprecated.
!!

        ********************************************************************************
        Please avoid running ``setup.py`` and ``easy_install``.
        Instead, use pypa/build, pypa/installer or other
        standards-based tools.

        See https://github.com/pypa/setuptools/issues/917 for details.
        ********************************************************************************

!!
  easy_install.initialize_options(self)
Removing /home/mobot/ROS2/workspace/install/ps5_controller/lib/python3.12/site-packages/ps5-controller.egg-link (link to .)
running egg_info
writing ../../build/ps5_controller/ps5_controller.egg-info/PKG-INFO
writing dependency_links to ../../build/ps5_controller/ps5_controller.egg-info/dependency_links.txt
writing entry points to ../../build/ps5_controller/ps5_controller.egg-info/entry_points.txt
writing requirements to ../../build/ps5_controller/ps5_controller.egg-info/requires.txt
writing top-level names to ../../build/ps5_controller/ps5_controller.egg-info/top_level.txt
reading manifest file '../../build/ps5_controller/ps5_controller.egg-info/SOURCES.txt'
writing manifest file '../../build/ps5_controller/ps5_controller.egg-info/SOURCES.txt'
running build
running build_py
running install
running install_lib
creating /home/mobot/ROS2/workspace/install/ps5_controller/lib/python3.12/site-packages/ps5_controller
copying /home/mobot/ROS2/workspace/build/ps5_controller/build/lib/ps5_controller/ps5_publisher_node.py -> /home/mobot/ROS2/workspace/install/ps5_controller/lib/python3.12/site-packages/ps5_controller
copying /home/mobot/ROS2/workspace/build/ps5_controller/build/lib/ps5_controller/__init__.py -> /home/mobot/ROS2/workspace/install/ps5_controller/lib/python3.12/site-packages/ps5_controller
byte-compiling /home/mobot/ROS2/workspace/install/ps5_controller/lib/python3.12/site-packages/ps5_controller/ps5_publisher_node.py to ps5_publisher_node.cpython-312.pyc
byte-compiling /home/mobot/ROS2/workspace/install/ps5_controller/lib/python3.12/site-packages/ps5_controller/__init__.py to __init__.cpython-312.pyc
running install_data
copying resource/ps5_controller -> /home/mobot/ROS2/workspace/install/ps5_controller/share/ament_index/resource_index/packages
copying package.xml -> /home/mobot/ROS2/workspace/install/ps5_controller/share/ps5_controller
running install_egg_info
Copying ../../build/ps5_controller/ps5_controller.egg-info to /home/mobot/ROS2/workspace/install/ps5_controller/lib/python3.12/site-packages/ps5_controller-0.0.0-py3.12.egg-info
running install_scripts
Installing ps5_publisher_node script to /home/mobot/ROS2/workspace/install/ps5_controller/lib/ps5_controller
writing list of installed files to '/home/mobot/ROS2/workspace/build/ps5_controller/install.log'
