[1.629s] Invoking command in '/home/mobot/ROS2/workspace/src/mower_blade': PS1=(ROS2) \[\e]0;\u@\h: \w\a\]${debian_chroot:+($debian_chroot)}\[\033[01;32m\]\u@\h\[\033[00m\]:\[\033[01;34m\]\w\[\033[00m\]\$ PYTHONPATH=/home/mobot/ROS2/workspace/build/cutting_motor/prefix_override:/usr/lib/python3/dist-packages/colcon_core/task/python/colcon_distutils_commands:/home/mobot/ROS2/workspace/install/cutting_motor/lib/python3.12/site-packages:${PYTHONPATH} VIRTUAL_ENV_PROMPT=(ROS2) /usr/bin/python3 -W ignore:setup.py install is deprecated setup.py egg_info --egg-base ../../build/cutting_motor build --build-base /home/mobot/ROS2/workspace/build/cutting_motor/build install --record /home/mobot/ROS2/workspace/build/cutting_motor/install.log --single-version-externally-managed install_data
[2.031s] running egg_info
[2.032s] creating ../../build/cutting_motor/cutting_motor.egg-info
[2.058s] writing ../../build/cutting_motor/cutting_motor.egg-info/PKG-INFO
[2.059s] writing dependency_links to ../../build/cutting_motor/cutting_motor.egg-info/dependency_links.txt
[2.059s] writing entry points to ../../build/cutting_motor/cutting_motor.egg-info/entry_points.txt
[2.059s] writing requirements to ../../build/cutting_motor/cutting_motor.egg-info/requires.txt
[2.061s] writing top-level names to ../../build/cutting_motor/cutting_motor.egg-info/top_level.txt
[2.061s] writing manifest file '../../build/cutting_motor/cutting_motor.egg-info/SOURCES.txt'
[2.115s] reading manifest file '../../build/cutting_motor/cutting_motor.egg-info/SOURCES.txt'
[2.116s] writing manifest file '../../build/cutting_motor/cutting_motor.egg-info/SOURCES.txt'
[2.116s] running build
[2.116s] running build_py
[2.117s] creating /home/mobot/ROS2/workspace/build/cutting_motor/build
[2.117s] creating /home/mobot/ROS2/workspace/build/cutting_motor/build/lib
[2.117s] creating /home/mobot/ROS2/workspace/build/cutting_motor/build/lib/mower_blade
[2.117s] copying mower_blade/mower_blade.py -> /home/mobot/ROS2/workspace/build/cutting_motor/build/lib/mower_blade
[2.117s] copying mower_blade/__init__.py -> /home/mobot/ROS2/workspace/build/cutting_motor/build/lib/mower_blade
[2.118s] running install
[2.125s] running install_lib
[2.152s] creating /home/mobot/ROS2/workspace/install/cutting_motor/lib/python3.12/site-packages/mower_blade
[2.152s] copying /home/mobot/ROS2/workspace/build/cutting_motor/build/lib/mower_blade/mower_blade.py -> /home/mobot/ROS2/workspace/install/cutting_motor/lib/python3.12/site-packages/mower_blade
[2.152s] copying /home/mobot/ROS2/workspace/build/cutting_motor/build/lib/mower_blade/__init__.py -> /home/mobot/ROS2/workspace/install/cutting_motor/lib/python3.12/site-packages/mower_blade
[2.153s] byte-compiling /home/mobot/ROS2/workspace/install/cutting_motor/lib/python3.12/site-packages/mower_blade/mower_blade.py to mower_blade.cpython-312.pyc
[2.153s] byte-compiling /home/mobot/ROS2/workspace/install/cutting_motor/lib/python3.12/site-packages/mower_blade/__init__.py to __init__.cpython-312.pyc
[2.154s] running install_data
[2.154s] creating /home/mobot/ROS2/workspace/install/cutting_motor/share/ament_index
[2.154s] creating /home/mobot/ROS2/workspace/install/cutting_motor/share/ament_index/resource_index
[2.154s] creating /home/mobot/ROS2/workspace/install/cutting_motor/share/ament_index/resource_index/packages
[2.155s] copying resource/cutting_motor -> /home/mobot/ROS2/workspace/install/cutting_motor/share/ament_index/resource_index/packages
[2.155s] copying package.xml -> /home/mobot/ROS2/workspace/install/cutting_motor/share/cutting_motor
[2.155s] running install_egg_info
[2.182s] Copying ../../build/cutting_motor/cutting_motor.egg-info to /home/mobot/ROS2/workspace/install/cutting_motor/lib/python3.12/site-packages/cutting_motor-0.0.0-py3.12.egg-info
[2.183s] running install_scripts
[2.362s] Installing mower_blade_node script to /home/mobot/ROS2/workspace/install/cutting_motor/lib/cutting_motor
[2.363s] writing list of installed files to '/home/mobot/ROS2/workspace/build/cutting_motor/install.log'
[2.461s] Invoked command in '/home/mobot/ROS2/workspace/src/mower_blade' returned '0': PS1=(ROS2) \[\e]0;\u@\h: \w\a\]${debian_chroot:+($debian_chroot)}\[\033[01;32m\]\u@\h\[\033[00m\]:\[\033[01;34m\]\w\[\033[00m\]\$ PYTHONPATH=/home/mobot/ROS2/workspace/build/cutting_motor/prefix_override:/usr/lib/python3/dist-packages/colcon_core/task/python/colcon_distutils_commands:/home/mobot/ROS2/workspace/install/cutting_motor/lib/python3.12/site-packages:${PYTHONPATH} VIRTUAL_ENV_PROMPT=(ROS2) /usr/bin/python3 -W ignore:setup.py install is deprecated setup.py egg_info --egg-base ../../build/cutting_motor build --build-base /home/mobot/ROS2/workspace/build/cutting_motor/build install --record /home/mobot/ROS2/workspace/build/cutting_motor/install.log --single-version-externally-managed install_data
