running egg_info
creating ../../build/wheel_controller/wheel_controller.egg-info
writing ../../build/wheel_controller/wheel_controller.egg-info/PKG-INFO
writing dependency_links to ../../build/wheel_controller/wheel_controller.egg-info/dependency_links.txt
writing entry points to ../../build/wheel_controller/wheel_controller.egg-info/entry_points.txt
writing requirements to ../../build/wheel_controller/wheel_controller.egg-info/requires.txt
writing top-level names to ../../build/wheel_controller/wheel_controller.egg-info/top_level.txt
writing manifest file '../../build/wheel_controller/wheel_controller.egg-info/SOURCES.txt'
reading manifest file '../../build/wheel_controller/wheel_controller.egg-info/SOURCES.txt'
writing manifest file '../../build/wheel_controller/wheel_controller.egg-info/SOURCES.txt'
running build
running build_py
creating /home/mobot/ROS2/workspace/build/wheel_controller/build
creating /home/mobot/ROS2/workspace/build/wheel_controller/build/lib
creating /home/mobot/ROS2/workspace/build/wheel_controller/build/lib/wheel_controller
copying wheel_controller/__init__.py -> /home/mobot/ROS2/workspace/build/wheel_controller/build/lib/wheel_controller
copying wheel_controller/wheel_listener_node.py -> /home/mobot/ROS2/workspace/build/wheel_controller/build/lib/wheel_controller
running install
running install_lib
creating /home/mobot/ROS2/workspace/install/wheel_controller/lib/python3.12/site-packages/wheel_controller
copying /home/mobot/ROS2/workspace/build/wheel_controller/build/lib/wheel_controller/__init__.py -> /home/mobot/ROS2/workspace/install/wheel_controller/lib/python3.12/site-packages/wheel_controller
copying /home/mobot/ROS2/workspace/build/wheel_controller/build/lib/wheel_controller/wheel_listener_node.py -> /home/mobot/ROS2/workspace/install/wheel_controller/lib/python3.12/site-packages/wheel_controller
byte-compiling /home/mobot/ROS2/workspace/install/wheel_controller/lib/python3.12/site-packages/wheel_controller/__init__.py to __init__.cpython-312.pyc
byte-compiling /home/mobot/ROS2/workspace/install/wheel_controller/lib/python3.12/site-packages/wheel_controller/wheel_listener_node.py to wheel_listener_node.cpython-312.pyc
running install_data
creating /home/mobot/ROS2/workspace/install/wheel_controller/share/ament_index
creating /home/mobot/ROS2/workspace/install/wheel_controller/share/ament_index/resource_index
creating /home/mobot/ROS2/workspace/install/wheel_controller/share/ament_index/resource_index/packages
copying resource/wheel_controller -> /home/mobot/ROS2/workspace/install/wheel_controller/share/ament_index/resource_index/packages
copying package.xml -> /home/mobot/ROS2/workspace/install/wheel_controller/share/wheel_controller
running install_egg_info
Copying ../../build/wheel_controller/wheel_controller.egg-info to /home/mobot/ROS2/workspace/install/wheel_controller/lib/python3.12/site-packages/wheel_controller-0.0.0-py3.12.egg-info
running install_scripts
Installing wheel_listener_node script to /home/mobot/ROS2/workspace/install/wheel_controller/lib/wheel_controller
writing list of installed files to '/home/mobot/ROS2/workspace/build/wheel_controller/install.log'
