[2.098s] Invoking command in '/home/mobot/ROS2/workspace/src/wheel_controller': PYTHONPATH=/home/mobot/ROS2/workspace/build/wheel_controller/prefix_override:/usr/lib/python3/dist-packages/colcon_core/task/python/colcon_distutils_commands:/home/mobot/ROS2/workspace/install/wheel_controller/lib/python3.12/site-packages:${PYTHONPATH} VIRTUAL_ENV_PROMPT=(ROS2) /usr/bin/python3 -W ignore:setup.py install is deprecated setup.py egg_info --egg-base ../../build/wheel_controller build --build-base /home/mobot/ROS2/workspace/build/wheel_controller/build install --record /home/mobot/ROS2/workspace/build/wheel_controller/install.log --single-version-externally-managed install_data
[2.535s] running egg_info
[2.535s] creating ../../build/wheel_controller/wheel_controller.egg-info
[2.562s] writing ../../build/wheel_controller/wheel_controller.egg-info/PKG-INFO
[2.563s] writing dependency_links to ../../build/wheel_controller/wheel_controller.egg-info/dependency_links.txt
[2.563s] writing entry points to ../../build/wheel_controller/wheel_controller.egg-info/entry_points.txt
[2.567s] writing requirements to ../../build/wheel_controller/wheel_controller.egg-info/requires.txt
[2.567s] writing top-level names to ../../build/wheel_controller/wheel_controller.egg-info/top_level.txt
[2.567s] writing manifest file '../../build/wheel_controller/wheel_controller.egg-info/SOURCES.txt'
[2.623s] reading manifest file '../../build/wheel_controller/wheel_controller.egg-info/SOURCES.txt'
[2.624s] writing manifest file '../../build/wheel_controller/wheel_controller.egg-info/SOURCES.txt'
[2.624s] running build
[2.624s] running build_py
[2.626s] creating /home/mobot/ROS2/workspace/build/wheel_controller/build
[2.626s] creating /home/mobot/ROS2/workspace/build/wheel_controller/build/lib
[2.626s] creating /home/mobot/ROS2/workspace/build/wheel_controller/build/lib/wheel_controller
[2.626s] copying wheel_controller/__init__.py -> /home/mobot/ROS2/workspace/build/wheel_controller/build/lib/wheel_controller
[2.626s] copying wheel_controller/wheel_listener_node.py -> /home/mobot/ROS2/workspace/build/wheel_controller/build/lib/wheel_controller
[2.626s] running install
[2.634s] running install_lib
[2.663s] creating /home/mobot/ROS2/workspace/install/wheel_controller/lib/python3.12/site-packages/wheel_controller
[2.663s] copying /home/mobot/ROS2/workspace/build/wheel_controller/build/lib/wheel_controller/__init__.py -> /home/mobot/ROS2/workspace/install/wheel_controller/lib/python3.12/site-packages/wheel_controller
[2.663s] copying /home/mobot/ROS2/workspace/build/wheel_controller/build/lib/wheel_controller/wheel_listener_node.py -> /home/mobot/ROS2/workspace/install/wheel_controller/lib/python3.12/site-packages/wheel_controller
[2.664s] byte-compiling /home/mobot/ROS2/workspace/install/wheel_controller/lib/python3.12/site-packages/wheel_controller/__init__.py to __init__.cpython-312.pyc
[2.664s] byte-compiling /home/mobot/ROS2/workspace/install/wheel_controller/lib/python3.12/site-packages/wheel_controller/wheel_listener_node.py to wheel_listener_node.cpython-312.pyc
[2.666s] running install_data
[2.666s] creating /home/mobot/ROS2/workspace/install/wheel_controller/share/ament_index
[2.666s] creating /home/mobot/ROS2/workspace/install/wheel_controller/share/ament_index/resource_index
[2.667s] creating /home/mobot/ROS2/workspace/install/wheel_controller/share/ament_index/resource_index/packages
[2.667s] copying resource/wheel_controller -> /home/mobot/ROS2/workspace/install/wheel_controller/share/ament_index/resource_index/packages
[2.669s] copying package.xml -> /home/mobot/ROS2/workspace/install/wheel_controller/share/wheel_controller
[2.669s] running install_egg_info
[2.698s] Copying ../../build/wheel_controller/wheel_controller.egg-info to /home/mobot/ROS2/workspace/install/wheel_controller/lib/python3.12/site-packages/wheel_controller-0.0.0-py3.12.egg-info
[2.700s] running install_scripts
[2.928s] Installing wheel_listener_node script to /home/mobot/ROS2/workspace/install/wheel_controller/lib/wheel_controller
[2.930s] writing list of installed files to '/home/mobot/ROS2/workspace/build/wheel_controller/install.log'
[3.035s] Invoked command in '/home/mobot/ROS2/workspace/src/wheel_controller' returned '0': PYTHONPATH=/home/mobot/ROS2/workspace/build/wheel_controller/prefix_override:/usr/lib/python3/dist-packages/colcon_core/task/python/colcon_distutils_commands:/home/mobot/ROS2/workspace/install/wheel_controller/lib/python3.12/site-packages:${PYTHONPATH} VIRTUAL_ENV_PROMPT=(ROS2) /usr/bin/python3 -W ignore:setup.py install is deprecated setup.py egg_info --egg-base ../../build/wheel_controller build --build-base /home/mobot/ROS2/workspace/build/wheel_controller/build install --record /home/mobot/ROS2/workspace/build/wheel_controller/install.log --single-version-externally-managed install_data
