[0.148s] DEBUG:colcon:Command line arguments: ['/usr/bin/colcon', 'build']
[0.148s] DEBUG:colcon:Parsed command line arguments: Namespace(log_base=None, log_level=None, verb_name='build', build_base='build', install_base='install', merge_install=False, symlink_install=False, test_result_base=None, continue_on_error=False, executor='parallel', parallel_workers=4, event_handlers=None, ignore_user_meta=False, metas=['./colcon.meta'], base_paths=['.'], packages_ignore=None, packages_ignore_regex=None, paths=None, packages_up_to=None, packages_up_to_regex=None, packages_above=None, packages_above_and_dependencies=None, packages_above_depth=None, packages_select_by_dep=None, packages_skip_by_dep=None, packages_skip_up_to=None, packages_select_build_failed=False, packages_skip_build_finished=False, packages_select_test_failures=False, packages_skip_test_passed=False, packages_select=None, packages_skip=None, packages_select_regex=None, packages_skip_regex=None, packages_start=None, packages_end=None, allow_overriding=[], cmake_args=None, cmake_target=None, cmake_target_skip_unavailable=False, cmake_clean_cache=False, cmake_clean_first=False, cmake_force_configure=False, ament_cmake_args=None, catkin_cmake_args=None, catkin_skip_building_tests=False, mixin_files=None, mixin=None, verb_parser=<colcon_mixin.mixin.mixin_argument.MixinArgumentDecorator object at 0xffff99882930>, verb_extension=<colcon_core.verb.build.BuildVerb object at 0xffff99b79a30>, main=<bound method BuildVerb.main of <colcon_core.verb.build.BuildVerb object at 0xffff99b79a30>>, mixin_verb=('build',))
[0.202s] Level 1:colcon.colcon_core.package_discovery:discover_packages(colcon_meta) check parameters
[0.202s] Level 1:colcon.colcon_core.package_discovery:discover_packages(recursive) check parameters
[0.202s] Level 1:colcon.colcon_core.package_discovery:discover_packages(ignore) check parameters
[0.202s] Level 1:colcon.colcon_core.package_discovery:discover_packages(path) check parameters
[0.202s] Level 1:colcon.colcon_core.package_discovery:discover_packages(colcon_meta) discover
[0.202s] Level 1:colcon.colcon_core.package_discovery:discover_packages(recursive) discover
[0.202s] INFO:colcon.colcon_core.package_discovery:Crawling recursively for packages in '/home/mobot/ROS2/workspace'
[0.202s] Level 1:colcon.colcon_core.package_identification:_identify(.) by extensions ['ignore', 'ignore_ament_install']
[0.202s] Level 1:colcon.colcon_core.package_identification:_identify(.) by extension 'ignore'
[0.202s] Level 1:colcon.colcon_core.package_identification:_identify(.) by extension 'ignore_ament_install'
[0.202s] Level 1:colcon.colcon_core.package_identification:_identify(.) by extensions ['colcon_pkg']
[0.202s] Level 1:colcon.colcon_core.package_identification:_identify(.) by extension 'colcon_pkg'
[0.202s] Level 1:colcon.colcon_core.package_identification:_identify(.) by extensions ['colcon_meta']
[0.202s] Level 1:colcon.colcon_core.package_identification:_identify(.) by extension 'colcon_meta'
[0.203s] Level 1:colcon.colcon_core.package_identification:_identify(.) by extensions ['ros']
[0.203s] Level 1:colcon.colcon_core.package_identification:_identify(.) by extension 'ros'
[0.239s] Level 1:colcon.colcon_core.package_identification:_identify(.) by extensions ['cmake', 'python']
[0.239s] Level 1:colcon.colcon_core.package_identification:_identify(.) by extension 'cmake'
[0.239s] Level 1:colcon.colcon_core.package_identification:_identify(.) by extension 'python'
[0.239s] Level 1:colcon.colcon_core.package_identification:_identify(.) by extensions ['python_setup_py']
[0.239s] Level 1:colcon.colcon_core.package_identification:_identify(.) by extension 'python_setup_py'
[0.239s] Level 1:colcon.colcon_core.package_identification:_identify(build) by extensions ['ignore', 'ignore_ament_install']
[0.240s] Level 1:colcon.colcon_core.package_identification:_identify(build) by extension 'ignore'
[0.240s] Level 1:colcon.colcon_core.package_identification:_identify(build) ignored
[0.240s] Level 1:colcon.colcon_core.package_identification:_identify(install) by extensions ['ignore', 'ignore_ament_install']
[0.240s] Level 1:colcon.colcon_core.package_identification:_identify(install) by extension 'ignore'
[0.240s] Level 1:colcon.colcon_core.package_identification:_identify(install) ignored
[0.240s] Level 1:colcon.colcon_core.package_identification:_identify(log) by extensions ['ignore', 'ignore_ament_install']
[0.240s] Level 1:colcon.colcon_core.package_identification:_identify(log) by extension 'ignore'
[0.240s] Level 1:colcon.colcon_core.package_identification:_identify(log) ignored
[0.240s] Level 1:colcon.colcon_core.package_identification:_identify(src) by extensions ['ignore', 'ignore_ament_install']
[0.241s] Level 1:colcon.colcon_core.package_identification:_identify(src) by extension 'ignore'
[0.241s] Level 1:colcon.colcon_core.package_identification:_identify(src) by extension 'ignore_ament_install'
[0.241s] Level 1:colcon.colcon_core.package_identification:_identify(src) by extensions ['colcon_pkg']
[0.241s] Level 1:colcon.colcon_core.package_identification:_identify(src) by extension 'colcon_pkg'
[0.241s] Level 1:colcon.colcon_core.package_identification:_identify(src) by extensions ['colcon_meta']
[0.241s] Level 1:colcon.colcon_core.package_identification:_identify(src) by extension 'colcon_meta'
[0.241s] Level 1:colcon.colcon_core.package_identification:_identify(src) by extensions ['ros']
[0.241s] Level 1:colcon.colcon_core.package_identification:_identify(src) by extension 'ros'
[0.241s] Level 1:colcon.colcon_core.package_identification:_identify(src) by extensions ['cmake', 'python']
[0.241s] Level 1:colcon.colcon_core.package_identification:_identify(src) by extension 'cmake'
[0.241s] Level 1:colcon.colcon_core.package_identification:_identify(src) by extension 'python'
[0.241s] Level 1:colcon.colcon_core.package_identification:_identify(src) by extensions ['python_setup_py']
[0.241s] Level 1:colcon.colcon_core.package_identification:_identify(src) by extension 'python_setup_py'
[0.241s] Level 1:colcon.colcon_core.package_identification:_identify(src/custom_msg_types) by extensions ['ignore', 'ignore_ament_install']
[0.241s] Level 1:colcon.colcon_core.package_identification:_identify(src/custom_msg_types) by extension 'ignore'
[0.241s] Level 1:colcon.colcon_core.package_identification:_identify(src/custom_msg_types) by extension 'ignore_ament_install'
[0.242s] Level 1:colcon.colcon_core.package_identification:_identify(src/custom_msg_types) by extensions ['colcon_pkg']
[0.242s] Level 1:colcon.colcon_core.package_identification:_identify(src/custom_msg_types) by extension 'colcon_pkg'
[0.242s] Level 1:colcon.colcon_core.package_identification:_identify(src/custom_msg_types) by extensions ['colcon_meta']
[0.242s] Level 1:colcon.colcon_core.package_identification:_identify(src/custom_msg_types) by extension 'colcon_meta'
[0.242s] Level 1:colcon.colcon_core.package_identification:_identify(src/custom_msg_types) by extensions ['ros']
[0.242s] Level 1:colcon.colcon_core.package_identification:_identify(src/custom_msg_types) by extension 'ros'
[0.245s] DEBUG:colcon.colcon_core.package_identification:Package 'src/custom_msg_types' with type 'ros.ament_python' and name 'custom_msg_types'
[0.245s] Level 1:colcon.colcon_core.package_identification:_identify(src/ps5_controller) by extensions ['ignore', 'ignore_ament_install']
[0.245s] Level 1:colcon.colcon_core.package_identification:_identify(src/ps5_controller) by extension 'ignore'
[0.245s] Level 1:colcon.colcon_core.package_identification:_identify(src/ps5_controller) by extension 'ignore_ament_install'
[0.245s] Level 1:colcon.colcon_core.package_identification:_identify(src/ps5_controller) by extensions ['colcon_pkg']
[0.245s] Level 1:colcon.colcon_core.package_identification:_identify(src/ps5_controller) by extension 'colcon_pkg'
[0.245s] Level 1:colcon.colcon_core.package_identification:_identify(src/ps5_controller) by extensions ['colcon_meta']
[0.245s] Level 1:colcon.colcon_core.package_identification:_identify(src/ps5_controller) by extension 'colcon_meta'
[0.245s] Level 1:colcon.colcon_core.package_identification:_identify(src/ps5_controller) by extensions ['ros']
[0.245s] Level 1:colcon.colcon_core.package_identification:_identify(src/ps5_controller) by extension 'ros'
[0.247s] DEBUG:colcon.colcon_core.package_identification:Found ROS schema reference in package manifest in 'src/ps5_controller'
[0.247s] WARNING:colcon.colcon_core.package_identification:Failed to parse ROS package manifest in 'src/ps5_controller': Error(s) in package 'src/ps5_controller/package.xml':
Error(s):
- The generic dependency on 'rclpy' is redundant with: exec_depend
- The generic dependency on 'sensor_msgs' is redundant with: exec_depend
- The generic dependency on 'evdev' is redundant with: exec_depend
- The generic dependency on 'custom_msg_types' is redundant with: exec_depend
[0.247s] Level 1:colcon.colcon_core.package_identification:_identify(src/ps5_controller) by extensions ['cmake', 'python']
[0.247s] Level 1:colcon.colcon_core.package_identification:_identify(src/ps5_controller) by extension 'cmake'
[0.247s] Level 1:colcon.colcon_core.package_identification:_identify(src/ps5_controller) by extension 'python'
[0.247s] DEBUG:colcon.colcon_core.package_identification:Python package in 'src/ps5_controller' passes arguments to the setup() function which requires a different identification extension than 'python'
[0.247s] Level 1:colcon.colcon_core.package_identification:_identify(src/ps5_controller) by extensions ['python_setup_py']
[0.247s] Level 1:colcon.colcon_core.package_identification:_identify(src/ps5_controller) by extension 'python_setup_py'
[0.583s] DEBUG:colcon.colcon_core.package_identification:Package 'src/ps5_controller' with type 'python' and name 'ps5_controller'
[0.583s] Level 1:colcon.colcon_core.package_identification:_identify(src/python_scripts) by extensions ['ignore', 'ignore_ament_install']
[0.583s] Level 1:colcon.colcon_core.package_identification:_identify(src/python_scripts) by extension 'ignore'
[0.584s] Level 1:colcon.colcon_core.package_identification:_identify(src/python_scripts) by extension 'ignore_ament_install'
[0.584s] Level 1:colcon.colcon_core.package_identification:_identify(src/python_scripts) by extensions ['colcon_pkg']
[0.584s] Level 1:colcon.colcon_core.package_identification:_identify(src/python_scripts) by extension 'colcon_pkg'
[0.584s] Level 1:colcon.colcon_core.package_identification:_identify(src/python_scripts) by extensions ['colcon_meta']
[0.584s] Level 1:colcon.colcon_core.package_identification:_identify(src/python_scripts) by extension 'colcon_meta'
[0.584s] Level 1:colcon.colcon_core.package_identification:_identify(src/python_scripts) by extensions ['ros']
[0.584s] Level 1:colcon.colcon_core.package_identification:_identify(src/python_scripts) by extension 'ros'
[0.584s] Level 1:colcon.colcon_core.package_identification:_identify(src/python_scripts) by extensions ['cmake', 'python']
[0.584s] Level 1:colcon.colcon_core.package_identification:_identify(src/python_scripts) by extension 'cmake'
[0.584s] Level 1:colcon.colcon_core.package_identification:_identify(src/python_scripts) by extension 'python'
[0.584s] Level 1:colcon.colcon_core.package_identification:_identify(src/python_scripts) by extensions ['python_setup_py']
[0.584s] Level 1:colcon.colcon_core.package_identification:_identify(src/python_scripts) by extension 'python_setup_py'
[0.584s] Level 1:colcon.colcon_core.package_discovery:discover_packages(recursive) using defaults
[0.584s] Level 1:colcon.colcon_core.package_discovery:discover_packages(ignore) discover
[0.584s] Level 1:colcon.colcon_core.package_discovery:discover_packages(ignore) using defaults
[0.584s] Level 1:colcon.colcon_core.package_discovery:discover_packages(path) discover
[0.584s] Level 1:colcon.colcon_core.package_discovery:discover_packages(path) using defaults
[0.607s] Level 1:colcon.colcon_core.package_discovery:discover_packages(prefix_path) check parameters
[0.607s] Level 1:colcon.colcon_core.package_discovery:discover_packages(prefix_path) discover
[0.609s] DEBUG:colcon.colcon_installed_package_information.package_discovery:Found 2 installed packages in /home/mobot/ROS2/workspace/install
[0.611s] DEBUG:colcon.colcon_installed_package_information.package_discovery:Found 285 installed packages in /opt/ros/jazzy
[0.614s] Level 1:colcon.colcon_core.package_discovery:discover_packages(prefix_path) using defaults
[0.672s] Level 5:colcon.colcon_core.verb:set package 'custom_msg_types' build argument 'cmake_args' from command line to 'None'
[0.672s] Level 5:colcon.colcon_core.verb:set package 'custom_msg_types' build argument 'cmake_target' from command line to 'None'
[0.672s] Level 5:colcon.colcon_core.verb:set package 'custom_msg_types' build argument 'cmake_target_skip_unavailable' from command line to 'False'
[0.672s] Level 5:colcon.colcon_core.verb:set package 'custom_msg_types' build argument 'cmake_clean_cache' from command line to 'False'
[0.672s] Level 5:colcon.colcon_core.verb:set package 'custom_msg_types' build argument 'cmake_clean_first' from command line to 'False'
[0.672s] Level 5:colcon.colcon_core.verb:set package 'custom_msg_types' build argument 'cmake_force_configure' from command line to 'False'
[0.672s] Level 5:colcon.colcon_core.verb:set package 'custom_msg_types' build argument 'ament_cmake_args' from command line to 'None'
[0.672s] Level 5:colcon.colcon_core.verb:set package 'custom_msg_types' build argument 'catkin_cmake_args' from command line to 'None'
[0.672s] Level 5:colcon.colcon_core.verb:set package 'custom_msg_types' build argument 'catkin_skip_building_tests' from command line to 'False'
[0.672s] DEBUG:colcon.colcon_core.verb:Building package 'custom_msg_types' with the following arguments: {'ament_cmake_args': None, 'build_base': '/home/mobot/ROS2/workspace/build/custom_msg_types', 'catkin_cmake_args': None, 'catkin_skip_building_tests': False, 'cmake_args': None, 'cmake_clean_cache': False, 'cmake_clean_first': False, 'cmake_force_configure': False, 'cmake_target': None, 'cmake_target_skip_unavailable': False, 'install_base': '/home/mobot/ROS2/workspace/install/custom_msg_types', 'merge_install': False, 'path': '/home/mobot/ROS2/workspace/src/custom_msg_types', 'symlink_install': False, 'test_result_base': None}
[0.673s] Level 5:colcon.colcon_core.verb:set package 'ps5_controller' build argument 'cmake_args' from command line to 'None'
[0.673s] Level 5:colcon.colcon_core.verb:set package 'ps5_controller' build argument 'cmake_target' from command line to 'None'
[0.673s] Level 5:colcon.colcon_core.verb:set package 'ps5_controller' build argument 'cmake_target_skip_unavailable' from command line to 'False'
[0.673s] Level 5:colcon.colcon_core.verb:set package 'ps5_controller' build argument 'cmake_clean_cache' from command line to 'False'
[0.673s] Level 5:colcon.colcon_core.verb:set package 'ps5_controller' build argument 'cmake_clean_first' from command line to 'False'
[0.673s] Level 5:colcon.colcon_core.verb:set package 'ps5_controller' build argument 'cmake_force_configure' from command line to 'False'
[0.673s] Level 5:colcon.colcon_core.verb:set package 'ps5_controller' build argument 'ament_cmake_args' from command line to 'None'
[0.673s] Level 5:colcon.colcon_core.verb:set package 'ps5_controller' build argument 'catkin_cmake_args' from command line to 'None'
[0.673s] Level 5:colcon.colcon_core.verb:set package 'ps5_controller' build argument 'catkin_skip_building_tests' from command line to 'False'
[0.673s] DEBUG:colcon.colcon_core.verb:Building package 'ps5_controller' with the following arguments: {'ament_cmake_args': None, 'build_base': '/home/mobot/ROS2/workspace/build/ps5_controller', 'catkin_cmake_args': None, 'catkin_skip_building_tests': False, 'cmake_args': None, 'cmake_clean_cache': False, 'cmake_clean_first': False, 'cmake_force_configure': False, 'cmake_target': None, 'cmake_target_skip_unavailable': False, 'install_base': '/home/mobot/ROS2/workspace/install/ps5_controller', 'merge_install': False, 'path': '/home/mobot/ROS2/workspace/src/ps5_controller', 'symlink_install': False, 'test_result_base': None}
[0.673s] INFO:colcon.colcon_core.executor:Executing jobs using 'parallel' executor
[0.674s] DEBUG:colcon.colcon_parallel_executor.executor.parallel:run_until_complete
[0.675s] INFO:colcon.colcon_ros.task.ament_python.build:Building ROS package in '/home/mobot/ROS2/workspace/src/custom_msg_types' with build type 'ament_python'
[0.675s] Level 1:colcon.colcon_core.shell:create_environment_hook('custom_msg_types', 'ament_prefix_path')
[0.677s] INFO:colcon.colcon_core.plugin_system:Skipping extension 'colcon_core.shell.bat': Not used on non-Windows systems
[0.677s] INFO:colcon.colcon_core.shell:Creating environment hook '/home/mobot/ROS2/workspace/install/custom_msg_types/share/custom_msg_types/hook/ament_prefix_path.ps1'
[0.678s] INFO:colcon.colcon_core.shell:Creating environment descriptor '/home/mobot/ROS2/workspace/install/custom_msg_types/share/custom_msg_types/hook/ament_prefix_path.dsv'
[0.678s] INFO:colcon.colcon_core.shell:Creating environment hook '/home/mobot/ROS2/workspace/install/custom_msg_types/share/custom_msg_types/hook/ament_prefix_path.sh'
[0.679s] INFO:colcon.colcon_core.shell:Skip shell extension 'powershell' for command environment: Not usable outside of PowerShell
[0.679s] DEBUG:colcon.colcon_core.shell:Skip shell extension 'dsv' for command environment
[0.683s] INFO:colcon.colcon_core.task.python.build:Building Python package in '/home/mobot/ROS2/workspace/src/ps5_controller'
[0.684s] INFO:colcon.colcon_core.shell:Skip shell extension 'powershell' for command environment: Not usable outside of PowerShell
[0.684s] DEBUG:colcon.colcon_core.shell:Skip shell extension 'dsv' for command environment
[1.030s] INFO:colcon.colcon_core.task.python.build:Building Python package in '/home/mobot/ROS2/workspace/src/custom_msg_types'
[1.031s] INFO:colcon.colcon_core.shell:Skip shell extension 'powershell' for command environment: Not usable outside of PowerShell
[1.031s] DEBUG:colcon.colcon_core.shell:Skip shell extension 'dsv' for command environment
[2.272s] DEBUG:colcon.colcon_core.event_handler.log_command:Invoking command in '/home/mobot/ROS2/workspace/src/custom_msg_types': PS1=(ROS2) \[\e]0;\u@\h: \w\a\]${debian_chroot:+($debian_chroot)}\[\033[01;32m\]\u@\h\[\033[00m\]:\[\033[01;34m\]\w\[\033[00m\]\$ PYTHONPATH=/home/mobot/ROS2/workspace/build/custom_msg_types/prefix_override:/usr/lib/python3/dist-packages/colcon_core/task/python/colcon_distutils_commands:/home/mobot/ROS2/workspace/install/custom_msg_types/lib/python3.12/site-packages:${PYTHONPATH} VIRTUAL_ENV_PROMPT=(ROS2) /usr/bin/python3 -W ignore:setup.py install is deprecated setup.py egg_info --egg-base ../../build/custom_msg_types build --build-base /home/mobot/ROS2/workspace/build/custom_msg_types/build install --record /home/mobot/ROS2/workspace/build/custom_msg_types/install.log --single-version-externally-managed install_data
[2.298s] DEBUG:colcon.colcon_core.event_handler.log_command:Invoking command in '/home/mobot/ROS2/workspace/src/ps5_controller': PS1=(ROS2) \[\e]0;\u@\h: \w\a\]${debian_chroot:+($debian_chroot)}\[\033[01;32m\]\u@\h\[\033[00m\]:\[\033[01;34m\]\w\[\033[00m\]\$ PYTHONPATH=/home/mobot/ROS2/workspace/build/ps5_controller/prefix_override:/usr/lib/python3/dist-packages/colcon_core/task/python/colcon_distutils_commands:/home/mobot/ROS2/workspace/install/ps5_controller/lib/python3.12/site-packages:${PYTHONPATH} VIRTUAL_ENV_PROMPT=(ROS2) /usr/bin/python3 -W ignore:setup.py install is deprecated setup.py egg_info --egg-base ../../build/ps5_controller build --build-base /home/mobot/ROS2/workspace/build/ps5_controller/build install --record /home/mobot/ROS2/workspace/build/ps5_controller/install.log --single-version-externally-managed install_data
[3.106s] DEBUG:colcon.colcon_core.event_handler.log_command:Invoked command in '/home/mobot/ROS2/workspace/src/custom_msg_types' returned '0': PS1=(ROS2) \[\e]0;\u@\h: \w\a\]${debian_chroot:+($debian_chroot)}\[\033[01;32m\]\u@\h\[\033[00m\]:\[\033[01;34m\]\w\[\033[00m\]\$ PYTHONPATH=/home/mobot/ROS2/workspace/build/custom_msg_types/prefix_override:/usr/lib/python3/dist-packages/colcon_core/task/python/colcon_distutils_commands:/home/mobot/ROS2/workspace/install/custom_msg_types/lib/python3.12/site-packages:${PYTHONPATH} VIRTUAL_ENV_PROMPT=(ROS2) /usr/bin/python3 -W ignore:setup.py install is deprecated setup.py egg_info --egg-base ../../build/custom_msg_types build --build-base /home/mobot/ROS2/workspace/build/custom_msg_types/build install --record /home/mobot/ROS2/workspace/build/custom_msg_types/install.log --single-version-externally-managed install_data
[3.109s] Level 1:colcon.colcon_core.environment:checking '/home/mobot/ROS2/workspace/install/custom_msg_types' for CMake module files
[3.110s] Level 1:colcon.colcon_core.environment:checking '/home/mobot/ROS2/workspace/install/custom_msg_types' for CMake config files
[3.111s] Level 1:colcon.colcon_core.environment:checking '/home/mobot/ROS2/workspace/install/custom_msg_types/lib'
[3.111s] Level 1:colcon.colcon_core.environment:checking '/home/mobot/ROS2/workspace/install/custom_msg_types/bin'
[3.111s] Level 1:colcon.colcon_core.environment:checking '/home/mobot/ROS2/workspace/install/custom_msg_types/lib/pkgconfig/custom_msg_types.pc'
[3.111s] Level 1:colcon.colcon_core.environment:checking '/home/mobot/ROS2/workspace/install/custom_msg_types/lib/python3.12/site-packages'
[3.112s] Level 1:colcon.colcon_core.shell:create_environment_hook('custom_msg_types', 'pythonpath')
[3.112s] INFO:colcon.colcon_core.shell:Creating environment hook '/home/mobot/ROS2/workspace/install/custom_msg_types/share/custom_msg_types/hook/pythonpath.ps1'
[3.113s] INFO:colcon.colcon_core.shell:Creating environment descriptor '/home/mobot/ROS2/workspace/install/custom_msg_types/share/custom_msg_types/hook/pythonpath.dsv'
[3.113s] INFO:colcon.colcon_core.shell:Creating environment hook '/home/mobot/ROS2/workspace/install/custom_msg_types/share/custom_msg_types/hook/pythonpath.sh'
[3.114s] Level 1:colcon.colcon_core.environment:checking '/home/mobot/ROS2/workspace/install/custom_msg_types/bin'
[3.114s] Level 1:colcon.colcon_core.environment:create_environment_scripts_only(custom_msg_types)
[3.114s] INFO:colcon.colcon_core.shell:Creating package script '/home/mobot/ROS2/workspace/install/custom_msg_types/share/custom_msg_types/package.ps1'
[3.116s] INFO:colcon.colcon_core.shell:Creating package descriptor '/home/mobot/ROS2/workspace/install/custom_msg_types/share/custom_msg_types/package.dsv'
[3.117s] INFO:colcon.colcon_core.shell:Creating package script '/home/mobot/ROS2/workspace/install/custom_msg_types/share/custom_msg_types/package.sh'
[3.118s] INFO:colcon.colcon_core.shell:Creating package script '/home/mobot/ROS2/workspace/install/custom_msg_types/share/custom_msg_types/package.bash'
[3.118s] INFO:colcon.colcon_core.shell:Creating package script '/home/mobot/ROS2/workspace/install/custom_msg_types/share/custom_msg_types/package.zsh'
[3.119s] Level 1:colcon.colcon_core.environment:create_file_with_runtime_dependencies(/home/mobot/ROS2/workspace/install/custom_msg_types/share/colcon-core/packages/custom_msg_types)
[3.121s] Level 1:colcon.colcon_core.environment:checking '/home/mobot/ROS2/workspace/install/ps5_controller' for CMake module files
[3.121s] DEBUG:colcon.colcon_core.event_handler.log_command:Invoked command in '/home/mobot/ROS2/workspace/src/ps5_controller' returned '0': PS1=(ROS2) \[\e]0;\u@\h: \w\a\]${debian_chroot:+($debian_chroot)}\[\033[01;32m\]\u@\h\[\033[00m\]:\[\033[01;34m\]\w\[\033[00m\]\$ PYTHONPATH=/home/mobot/ROS2/workspace/build/ps5_controller/prefix_override:/usr/lib/python3/dist-packages/colcon_core/task/python/colcon_distutils_commands:/home/mobot/ROS2/workspace/install/ps5_controller/lib/python3.12/site-packages:${PYTHONPATH} VIRTUAL_ENV_PROMPT=(ROS2) /usr/bin/python3 -W ignore:setup.py install is deprecated setup.py egg_info --egg-base ../../build/ps5_controller build --build-base /home/mobot/ROS2/workspace/build/ps5_controller/build install --record /home/mobot/ROS2/workspace/build/ps5_controller/install.log --single-version-externally-managed install_data
[3.122s] Level 1:colcon.colcon_core.environment:checking '/home/mobot/ROS2/workspace/install/ps5_controller' for CMake config files
[3.122s] Level 1:colcon.colcon_core.environment:checking '/home/mobot/ROS2/workspace/install/ps5_controller/lib'
[3.123s] Level 1:colcon.colcon_core.environment:checking '/home/mobot/ROS2/workspace/install/ps5_controller/bin'
[3.123s] Level 1:colcon.colcon_core.environment:checking '/home/mobot/ROS2/workspace/install/ps5_controller/lib/pkgconfig/ps5_controller.pc'
[3.123s] Level 1:colcon.colcon_core.environment:checking '/home/mobot/ROS2/workspace/install/ps5_controller/lib/python3.12/site-packages'
[3.123s] Level 1:colcon.colcon_core.shell:create_environment_hook('ps5_controller', 'pythonpath')
[3.123s] INFO:colcon.colcon_core.shell:Creating environment hook '/home/mobot/ROS2/workspace/install/ps5_controller/share/ps5_controller/hook/pythonpath.ps1'
[3.124s] INFO:colcon.colcon_core.shell:Creating environment descriptor '/home/mobot/ROS2/workspace/install/ps5_controller/share/ps5_controller/hook/pythonpath.dsv'
[3.124s] INFO:colcon.colcon_core.shell:Creating environment hook '/home/mobot/ROS2/workspace/install/ps5_controller/share/ps5_controller/hook/pythonpath.sh'
[3.125s] Level 1:colcon.colcon_core.environment:checking '/home/mobot/ROS2/workspace/install/ps5_controller/bin'
[3.125s] Level 1:colcon.colcon_core.environment:create_environment_scripts_only(ps5_controller)
[3.125s] INFO:colcon.colcon_core.shell:Creating package script '/home/mobot/ROS2/workspace/install/ps5_controller/share/ps5_controller/package.ps1'
[3.126s] INFO:colcon.colcon_core.shell:Creating package descriptor '/home/mobot/ROS2/workspace/install/ps5_controller/share/ps5_controller/package.dsv'
[3.126s] INFO:colcon.colcon_core.shell:Creating package script '/home/mobot/ROS2/workspace/install/ps5_controller/share/ps5_controller/package.sh'
[3.127s] INFO:colcon.colcon_core.shell:Creating package script '/home/mobot/ROS2/workspace/install/ps5_controller/share/ps5_controller/package.bash'
[3.127s] INFO:colcon.colcon_core.shell:Creating package script '/home/mobot/ROS2/workspace/install/ps5_controller/share/ps5_controller/package.zsh'
[3.127s] Level 1:colcon.colcon_core.environment:create_file_with_runtime_dependencies(/home/mobot/ROS2/workspace/install/ps5_controller/share/colcon-core/packages/ps5_controller)
[3.128s] DEBUG:colcon.colcon_parallel_executor.executor.parallel:closing loop
[3.128s] DEBUG:colcon.colcon_parallel_executor.executor.parallel:loop closed
[3.128s] DEBUG:colcon.colcon_parallel_executor.executor.parallel:run_until_complete finished with '0'
[3.129s] DEBUG:colcon.colcon_core.event_reactor:joining thread
[3.136s] INFO:colcon.colcon_core.plugin_system:Skipping extension 'colcon_notification.desktop_notification.notify_send': Could not find 'notify-send'
[3.136s] INFO:colcon.colcon_core.plugin_system:Skipping extension 'colcon_notification.desktop_notification.terminal_notifier': Not used on non-Darwin systems
[3.136s] INFO:colcon.colcon_core.plugin_system:Skipping extension 'colcon_notification.desktop_notification.win32': Not used on non-Windows systems
[3.136s] INFO:colcon.colcon_notification.desktop_notification:Sending desktop notification using 'notify2'
[3.137s] DEBUG:colcon.colcon_notification.desktop_notification.notify2:Failed to initialize notify2: org.freedesktop.DBus.Error.ServiceUnknown: The name org.freedesktop.Notifications was not provided by any .service files
[3.138s] DEBUG:colcon.colcon_core.event_reactor:joined thread
[3.138s] INFO:colcon.colcon_core.shell:Creating prefix script '/home/mobot/ROS2/workspace/install/local_setup.ps1'
[3.139s] INFO:colcon.colcon_core.shell:Creating prefix util module '/home/mobot/ROS2/workspace/install/_local_setup_util_ps1.py'
[3.140s] INFO:colcon.colcon_core.shell:Creating prefix chain script '/home/mobot/ROS2/workspace/install/setup.ps1'
[3.142s] INFO:colcon.colcon_core.shell:Creating prefix script '/home/mobot/ROS2/workspace/install/local_setup.sh'
[3.142s] INFO:colcon.colcon_core.shell:Creating prefix util module '/home/mobot/ROS2/workspace/install/_local_setup_util_sh.py'
[3.143s] INFO:colcon.colcon_core.shell:Creating prefix chain script '/home/mobot/ROS2/workspace/install/setup.sh'
[3.144s] INFO:colcon.colcon_core.shell:Creating prefix script '/home/mobot/ROS2/workspace/install/local_setup.bash'
[3.145s] INFO:colcon.colcon_core.shell:Creating prefix chain script '/home/mobot/ROS2/workspace/install/setup.bash'
[3.146s] INFO:colcon.colcon_core.shell:Creating prefix script '/home/mobot/ROS2/workspace/install/local_setup.zsh'
[3.146s] INFO:colcon.colcon_core.shell:Creating prefix chain script '/home/mobot/ROS2/workspace/install/setup.zsh'
