[1.185s] Invoking command in '/home/mobot/ROS2/workspace/src/ps5_controller': PS1=(ROS2) \[\e]0;\u@\h: \w\a\]${debian_chroot:+($debian_chroot)}\[\033[01;32m\]\u@\h\[\033[00m\]:\[\033[01;34m\]\w\[\033[00m\]\$ PYTHONPATH=/home/mobot/ROS2/workspace/build/ps5_controller/prefix_override:/usr/lib/python3/dist-packages/colcon_core/task/python/colcon_distutils_commands:/home/mobot/ROS2/workspace/install/ps5_controller/lib/python3.12/site-packages:${PYTHONPATH} VIRTUAL_ENV_PROMPT=(ROS2) /usr/bin/python3 -W ignore:setup.py install is deprecated setup.py egg_info --egg-base ../../build/ps5_controller build --build-base /home/mobot/ROS2/workspace/build/ps5_controller/build install --record /home/mobot/ROS2/workspace/build/ps5_controller/install.log --single-version-externally-managed install_data
[1.562s] running egg_info
[1.587s] writing ../../build/ps5_controller/ps5_controller.egg-info/PKG-INFO
[1.588s] writing dependency_links to ../../build/ps5_controller/ps5_controller.egg-info/dependency_links.txt
[1.588s] writing entry points to ../../build/ps5_controller/ps5_controller.egg-info/entry_points.txt
[1.588s] writing requirements to ../../build/ps5_controller/ps5_controller.egg-info/requires.txt
[1.589s] writing top-level names to ../../build/ps5_controller/ps5_controller.egg-info/top_level.txt
[1.641s] reading manifest file '../../build/ps5_controller/ps5_controller.egg-info/SOURCES.txt'
[1.642s] writing manifest file '../../build/ps5_controller/ps5_controller.egg-info/SOURCES.txt'
[1.643s] running build
[1.643s] running build_py
[1.643s] copying ps5_controller/ps5_publisher_node.py -> /home/mobot/ROS2/workspace/build/ps5_controller/build/lib/ps5_controller
[1.643s] copying ps5_controller/__init__.py -> /home/mobot/ROS2/workspace/build/ps5_controller/build/lib/ps5_controller
[1.643s] copying ps5_controller/OLD_ps5_publisher_node.py -> /home/mobot/ROS2/workspace/build/ps5_controller/build/lib/ps5_controller
[1.644s] running install
[1.651s] running install_lib
[1.677s] copying /home/mobot/ROS2/workspace/build/ps5_controller/build/lib/ps5_controller/ps5_publisher_node.py -> /home/mobot/ROS2/workspace/install/ps5_controller/lib/python3.12/site-packages/ps5_controller
[1.678s] byte-compiling /home/mobot/ROS2/workspace/install/ps5_controller/lib/python3.12/site-packages/ps5_controller/ps5_publisher_node.py to ps5_publisher_node.cpython-312.pyc
[1.679s] running install_data
[1.679s] copying resource/ps5_controller -> /home/mobot/ROS2/workspace/install/ps5_controller/share/ament_index/resource_index/packages
[1.679s] copying package.xml -> /home/mobot/ROS2/workspace/install/ps5_controller/share/ps5_controller
[1.680s] running install_egg_info
[1.706s] removing '/home/mobot/ROS2/workspace/install/ps5_controller/lib/python3.12/site-packages/ps5_controller-0.0.0-py3.12.egg-info' (and everything under it)
[1.706s] Copying ../../build/ps5_controller/ps5_controller.egg-info to /home/mobot/ROS2/workspace/install/ps5_controller/lib/python3.12/site-packages/ps5_controller-0.0.0-py3.12.egg-info
[1.708s] running install_scripts
[1.874s] Installing ps5_publisher_node script to /home/mobot/ROS2/workspace/install/ps5_controller/lib/ps5_controller
[1.874s] writing list of installed files to '/home/mobot/ROS2/workspace/build/ps5_controller/install.log'
[1.950s] Invoked command in '/home/mobot/ROS2/workspace/src/ps5_controller' returned '0': PS1=(ROS2) \[\e]0;\u@\h: \w\a\]${debian_chroot:+($debian_chroot)}\[\033[01;32m\]\u@\h\[\033[00m\]:\[\033[01;34m\]\w\[\033[00m\]\$ PYTHONPATH=/home/mobot/ROS2/workspace/build/ps5_controller/prefix_override:/usr/lib/python3/dist-packages/colcon_core/task/python/colcon_distutils_commands:/home/mobot/ROS2/workspace/install/ps5_controller/lib/python3.12/site-packages:${PYTHONPATH} VIRTUAL_ENV_PROMPT=(ROS2) /usr/bin/python3 -W ignore:setup.py install is deprecated setup.py egg_info --egg-base ../../build/ps5_controller build --build-base /home/mobot/ROS2/workspace/build/ps5_controller/build install --record /home/mobot/ROS2/workspace/build/ps5_controller/install.log --single-version-externally-managed install_data
