[2.113s] Invoking command in '/home/mobot/ROS2/workspace/src/wheel_controller': PS1=(ROS2) \[\e]0;\u@\h: \w\a\]${debian_chroot:+($debian_chroot)}\[\033[01;32m\]\u@\h\[\033[00m\]:\[\033[01;34m\]\w\[\033[00m\]\$ PYTHONPATH=/home/mobot/ROS2/workspace/build/wheel_controller/prefix_override:/usr/lib/python3/dist-packages/colcon_core/task/python/colcon_distutils_commands:/home/mobot/ROS2/workspace/install/wheel_controller/lib/python3.12/site-packages:${PYTHONPATH} VIRTUAL_ENV_PROMPT=(ROS2) /usr/bin/python3 -W ignore:setup.py install is deprecated setup.py egg_info --egg-base ../../build/wheel_controller build --build-base /home/mobot/ROS2/workspace/build/wheel_controller/build install --record /home/mobot/ROS2/workspace/build/wheel_controller/install.log --single-version-externally-managed install_data
[2.597s] running egg_info
[2.628s] writing ../../build/wheel_controller/wheel_controller.egg-info/PKG-INFO
[2.633s] writing dependency_links to ../../build/wheel_controller/wheel_controller.egg-info/dependency_links.txt
[2.633s] writing entry points to ../../build/wheel_controller/wheel_controller.egg-info/entry_points.txt
[2.633s] writing requirements to ../../build/wheel_controller/wheel_controller.egg-info/requires.txt
[2.633s] writing top-level names to ../../build/wheel_controller/wheel_controller.egg-info/top_level.txt
[2.701s] reading manifest file '../../build/wheel_controller/wheel_controller.egg-info/SOURCES.txt'
[2.702s] writing manifest file '../../build/wheel_controller/wheel_controller.egg-info/SOURCES.txt'
[2.703s] running build
[2.703s] running build_py
[2.703s] copying wheel_controller/__init__.py -> /home/mobot/ROS2/workspace/build/wheel_controller/build/lib/wheel_controller
[2.703s] copying wheel_controller/wheel_listener_node.py -> /home/mobot/ROS2/workspace/build/wheel_controller/build/lib/wheel_controller
[2.703s] running install
[2.710s] running install_lib
[2.743s] copying /home/mobot/ROS2/workspace/build/wheel_controller/build/lib/wheel_controller/wheel_listener_node.py -> /home/mobot/ROS2/workspace/install/wheel_controller/lib/python3.12/site-packages/wheel_controller
[2.745s] byte-compiling /home/mobot/ROS2/workspace/install/wheel_controller/lib/python3.12/site-packages/wheel_controller/wheel_listener_node.py to wheel_listener_node.cpython-312.pyc
[2.747s] running install_data
[2.748s] copying resource/wheel_controller -> /home/mobot/ROS2/workspace/install/wheel_controller/share/ament_index/resource_index/packages
[2.749s] copying package.xml -> /home/mobot/ROS2/workspace/install/wheel_controller/share/wheel_controller
[2.749s] running install_egg_info
[2.779s] removing '/home/mobot/ROS2/workspace/install/wheel_controller/lib/python3.12/site-packages/wheel_controller-0.0.0-py3.12.egg-info' (and everything under it)
[2.780s] Copying ../../build/wheel_controller/wheel_controller.egg-info to /home/mobot/ROS2/workspace/install/wheel_controller/lib/python3.12/site-packages/wheel_controller-0.0.0-py3.12.egg-info
[2.781s] running install_scripts
[3.021s] Installing wheel_listener_node script to /home/mobot/ROS2/workspace/install/wheel_controller/lib/wheel_controller
[3.022s] writing list of installed files to '/home/mobot/ROS2/workspace/build/wheel_controller/install.log'
[3.100s] Invoked command in '/home/mobot/ROS2/workspace/src/wheel_controller' returned '0': PS1=(ROS2) \[\e]0;\u@\h: \w\a\]${debian_chroot:+($debian_chroot)}\[\033[01;32m\]\u@\h\[\033[00m\]:\[\033[01;34m\]\w\[\033[00m\]\$ PYTHONPATH=/home/mobot/ROS2/workspace/build/wheel_controller/prefix_override:/usr/lib/python3/dist-packages/colcon_core/task/python/colcon_distutils_commands:/home/mobot/ROS2/workspace/install/wheel_controller/lib/python3.12/site-packages:${PYTHONPATH} VIRTUAL_ENV_PROMPT=(ROS2) /usr/bin/python3 -W ignore:setup.py install is deprecated setup.py egg_info --egg-base ../../build/wheel_controller build --build-base /home/mobot/ROS2/workspace/build/wheel_controller/build install --record /home/mobot/ROS2/workspace/build/wheel_controller/install.log --single-version-externally-managed install_data
