[1.609s] Invoking command in '/home/mobot/ROS2/workspace/src/custom_msg_types': PS1=(ROS2) \[\e]0;\u@\h: \w\a\]${debian_chroot:+($debian_chroot)}\[\033[01;32m\]\u@\h\[\033[00m\]:\[\033[01;34m\]\w\[\033[00m\]\$ PYTHONPATH=/home/mobot/ROS2/workspace/build/custom_msg_types/prefix_override:/usr/lib/python3/dist-packages/colcon_core/task/python/colcon_distutils_commands:/home/mobot/ROS2/workspace/install/custom_msg_types/lib/python3.12/site-packages:${PYTHONPATH} VIRTUAL_ENV_PROMPT=(ROS2) /usr/bin/python3 -W ignore:setup.py install is deprecated setup.py egg_info --egg-base ../../build/custom_msg_types build --build-base /home/mobot/ROS2/workspace/build/custom_msg_types/build install --record /home/mobot/ROS2/workspace/build/custom_msg_types/install.log --single-version-externally-managed install_data
[2.011s] running egg_info
[2.011s] creating ../../build/custom_msg_types/custom_msg_types.egg-info
[2.038s] writing ../../build/custom_msg_types/custom_msg_types.egg-info/PKG-INFO
[2.040s] writing dependency_links to ../../build/custom_msg_types/custom_msg_types.egg-info/dependency_links.txt
[2.040s] writing requirements to ../../build/custom_msg_types/custom_msg_types.egg-info/requires.txt
[2.040s] writing top-level names to ../../build/custom_msg_types/custom_msg_types.egg-info/top_level.txt
[2.040s] writing manifest file '../../build/custom_msg_types/custom_msg_types.egg-info/SOURCES.txt'
[2.095s] reading manifest file '../../build/custom_msg_types/custom_msg_types.egg-info/SOURCES.txt'
[2.096s] writing manifest file '../../build/custom_msg_types/custom_msg_types.egg-info/SOURCES.txt'
[2.096s] running build
[2.097s] running build_py
[2.097s] creating /home/mobot/ROS2/workspace/build/custom_msg_types/build
[2.097s] creating /home/mobot/ROS2/workspace/build/custom_msg_types/build/lib
[2.097s] creating /home/mobot/ROS2/workspace/build/custom_msg_types/build/lib/custom_msg_types
[2.098s] copying custom_msg_types/__init__.py -> /home/mobot/ROS2/workspace/build/custom_msg_types/build/lib/custom_msg_types
[2.099s] running install
[2.106s] running install_lib
[2.136s] creating /home/mobot/ROS2/workspace/install/custom_msg_types/lib/python3.12/site-packages/custom_msg_types
[2.136s] copying /home/mobot/ROS2/workspace/build/custom_msg_types/build/lib/custom_msg_types/__init__.py -> /home/mobot/ROS2/workspace/install/custom_msg_types/lib/python3.12/site-packages/custom_msg_types
[2.137s] byte-compiling /home/mobot/ROS2/workspace/install/custom_msg_types/lib/python3.12/site-packages/custom_msg_types/__init__.py to __init__.cpython-312.pyc
[2.137s] running install_data
[2.137s] creating /home/mobot/ROS2/workspace/install/custom_msg_types/share/ament_index
[2.137s] creating /home/mobot/ROS2/workspace/install/custom_msg_types/share/ament_index/resource_index
[2.138s] creating /home/mobot/ROS2/workspace/install/custom_msg_types/share/ament_index/resource_index/packages
[2.138s] copying resource/custom_msg_types -> /home/mobot/ROS2/workspace/install/custom_msg_types/share/ament_index/resource_index/packages
[2.138s] copying package.xml -> /home/mobot/ROS2/workspace/install/custom_msg_types/share/custom_msg_types
[2.138s] running install_egg_info
[2.165s] Copying ../../build/custom_msg_types/custom_msg_types.egg-info to /home/mobot/ROS2/workspace/install/custom_msg_types/lib/python3.12/site-packages/custom_msg_types-0.0.0-py3.12.egg-info
[2.167s] running install_scripts
[2.348s] writing list of installed files to '/home/mobot/ROS2/workspace/build/custom_msg_types/install.log'
[2.452s] Invoked command in '/home/mobot/ROS2/workspace/src/custom_msg_types' returned '0': PS1=(ROS2) \[\e]0;\u@\h: \w\a\]${debian_chroot:+($debian_chroot)}\[\033[01;32m\]\u@\h\[\033[00m\]:\[\033[01;34m\]\w\[\033[00m\]\$ PYTHONPATH=/home/mobot/ROS2/workspace/build/custom_msg_types/prefix_override:/usr/lib/python3/dist-packages/colcon_core/task/python/colcon_distutils_commands:/home/mobot/ROS2/workspace/install/custom_msg_types/lib/python3.12/site-packages:${PYTHONPATH} VIRTUAL_ENV_PROMPT=(ROS2) /usr/bin/python3 -W ignore:setup.py install is deprecated setup.py egg_info --egg-base ../../build/custom_msg_types build --build-base /home/mobot/ROS2/workspace/build/custom_msg_types/build install --record /home/mobot/ROS2/workspace/build/custom_msg_types/install.log --single-version-externally-managed install_data
