running egg_info
writing ../../build/cutting_motor/cutting_motor.egg-info/PKG-INFO
writing dependency_links to ../../build/cutting_motor/cutting_motor.egg-info/dependency_links.txt
writing entry points to ../../build/cutting_motor/cutting_motor.egg-info/entry_points.txt
writing requirements to ../../build/cutting_motor/cutting_motor.egg-info/requires.txt
writing top-level names to ../../build/cutting_motor/cutting_motor.egg-info/top_level.txt
reading manifest file '../../build/cutting_motor/cutting_motor.egg-info/SOURCES.txt'
writing manifest file '../../build/cutting_motor/cutting_motor.egg-info/SOURCES.txt'
running build
running build_py
copying mower_blade/mower_blade.py -> /home/mobot/ROS2/workspace/build/cutting_motor/build/lib/mower_blade
copying mower_blade/__init__.py -> /home/mobot/ROS2/workspace/build/cutting_motor/build/lib/mower_blade
running install
running install_lib
copying /home/mobot/ROS2/workspace/build/cutting_motor/build/lib/mower_blade/mower_blade.py -> /home/mobot/ROS2/workspace/install/cutting_motor/lib/python3.12/site-packages/mower_blade
byte-compiling /home/mobot/ROS2/workspace/install/cutting_motor/lib/python3.12/site-packages/mower_blade/mower_blade.py to mower_blade.cpython-312.pyc
running install_data
copying resource/cutting_motor -> /home/mobot/ROS2/workspace/install/cutting_motor/share/ament_index/resource_index/packages
copying package.xml -> /home/mobot/ROS2/workspace/install/cutting_motor/share/cutting_motor
running install_egg_info
removing '/home/mobot/ROS2/workspace/install/cutting_motor/lib/python3.12/site-packages/cutting_motor-0.0.0-py3.12.egg-info' (and everything under it)
Copying ../../build/cutting_motor/cutting_motor.egg-info to /home/mobot/ROS2/workspace/install/cutting_motor/lib/python3.12/site-packages/cutting_motor-0.0.0-py3.12.egg-info
running install_scripts
Installing mower_blade_node script to /home/mobot/ROS2/workspace/install/cutting_motor/lib/cutting_motor
writing list of installed files to '/home/mobot/ROS2/workspace/build/cutting_motor/install.log'
