[1.684s] Invoking command in '/home/mobot/ROS2/workspace/src/blade_controller': PYTHONPATH=/home/mobot/ROS2/workspace/build/blade_controller/prefix_override:/usr/lib/python3/dist-packages/colcon_core/task/python/colcon_distutils_commands:/home/mobot/ROS2/workspace/install/blade_controller/lib/python3.12/site-packages:${PYTHONPATH} VIRTUAL_ENV_PROMPT=(ROS2) /usr/bin/python3 -W ignore:setup.py install is deprecated setup.py egg_info --egg-base ../../build/blade_controller build --build-base /home/mobot/ROS2/workspace/build/blade_controller/build install --record /home/mobot/ROS2/workspace/build/blade_controller/install.log --single-version-externally-managed install_data
[2.097s] running egg_info
[2.124s] writing ../../build/blade_controller/blade_controller.egg-info/PKG-INFO
[2.125s] writing dependency_links to ../../build/blade_controller/blade_controller.egg-info/dependency_links.txt
[2.125s] writing entry points to ../../build/blade_controller/blade_controller.egg-info/entry_points.txt
[2.125s] writing requirements to ../../build/blade_controller/blade_controller.egg-info/requires.txt
[2.126s] writing top-level names to ../../build/blade_controller/blade_controller.egg-info/top_level.txt
[2.183s] reading manifest file '../../build/blade_controller/blade_controller.egg-info/SOURCES.txt'
[2.184s] writing manifest file '../../build/blade_controller/blade_controller.egg-info/SOURCES.txt'
[2.184s] running build
[2.185s] running build_py
[2.186s] copying blade_controller/old_blade_listener_node.py -> /home/mobot/ROS2/workspace/build/blade_controller/build/lib/blade_controller
[2.187s] copying blade_controller/blade_listener_node.py -> /home/mobot/ROS2/workspace/build/blade_controller/build/lib/blade_controller
[2.187s] copying blade_controller/__init__.py -> /home/mobot/ROS2/workspace/build/blade_controller/build/lib/blade_controller
[2.187s] running install
[2.194s] running install_lib
[2.222s] copying /home/mobot/ROS2/workspace/build/blade_controller/build/lib/blade_controller/blade_listener_node.py -> /home/mobot/ROS2/workspace/install/blade_controller/lib/python3.12/site-packages/blade_controller
[2.223s] byte-compiling /home/mobot/ROS2/workspace/install/blade_controller/lib/python3.12/site-packages/blade_controller/blade_listener_node.py to blade_listener_node.cpython-312.pyc
[2.224s] running install_data
[2.224s] copying resource/blade_controller -> /home/mobot/ROS2/workspace/install/blade_controller/share/ament_index/resource_index/packages
[2.224s] copying package.xml -> /home/mobot/ROS2/workspace/install/blade_controller/share/blade_controller
[2.225s] running install_egg_info
[2.252s] removing '/home/mobot/ROS2/workspace/install/blade_controller/lib/python3.12/site-packages/blade_controller-0.0.0-py3.12.egg-info' (and everything under it)
[2.255s] Copying ../../build/blade_controller/blade_controller.egg-info to /home/mobot/ROS2/workspace/install/blade_controller/lib/python3.12/site-packages/blade_controller-0.0.0-py3.12.egg-info
[2.255s] running install_scripts
[2.433s] Installing blade_listener_node script to /home/mobot/ROS2/workspace/install/blade_controller/lib/blade_controller
[2.434s] writing list of installed files to '/home/mobot/ROS2/workspace/build/blade_controller/install.log'
[2.547s] Invoked command in '/home/mobot/ROS2/workspace/src/blade_controller' returned '0': PYTHONPATH=/home/mobot/ROS2/workspace/build/blade_controller/prefix_override:/usr/lib/python3/dist-packages/colcon_core/task/python/colcon_distutils_commands:/home/mobot/ROS2/workspace/install/blade_controller/lib/python3.12/site-packages:${PYTHONPATH} VIRTUAL_ENV_PROMPT=(ROS2) /usr/bin/python3 -W ignore:setup.py install is deprecated setup.py egg_info --egg-base ../../build/blade_controller build --build-base /home/mobot/ROS2/workspace/build/blade_controller/build install --record /home/mobot/ROS2/workspace/build/blade_controller/install.log --single-version-externally-managed install_data
