[1.665s] Invoking command in '/home/mobot/ROS2/workspace/src/blade_controller': PYTHONPATH=/home/mobot/ROS2/workspace/build/blade_controller/prefix_override:/usr/lib/python3/dist-packages/colcon_core/task/python/colcon_distutils_commands:/home/mobot/ROS2/workspace/install/blade_controller/lib/python3.12/site-packages:${PYTHONPATH} /usr/bin/python3 -W ignore:setup.py install is deprecated setup.py egg_info --egg-base ../../build/blade_controller build --build-base /home/mobot/ROS2/workspace/build/blade_controller/build install --record /home/mobot/ROS2/workspace/build/blade_controller/install.log --single-version-externally-managed install_data
[2.045s] running egg_info
[2.071s] writing ../../build/blade_controller/blade_controller.egg-info/PKG-INFO
[2.072s] writing dependency_links to ../../build/blade_controller/blade_controller.egg-info/dependency_links.txt
[2.072s] writing entry points to ../../build/blade_controller/blade_controller.egg-info/entry_points.txt
[2.072s] writing requirements to ../../build/blade_controller/blade_controller.egg-info/requires.txt
[2.072s] writing top-level names to ../../build/blade_controller/blade_controller.egg-info/top_level.txt
[2.126s] reading manifest file '../../build/blade_controller/blade_controller.egg-info/SOURCES.txt'
[2.128s] writing manifest file '../../build/blade_controller/blade_controller.egg-info/SOURCES.txt'
[2.128s] running build
[2.128s] running build_py
[2.128s] running install
[2.137s] running install_lib
[2.164s] running install_data
[2.164s] running install_egg_info
[2.193s] removing '/home/mobot/ROS2/workspace/install/blade_controller/lib/python3.12/site-packages/blade_controller-0.0.0-py3.12.egg-info' (and everything under it)
[2.194s] Copying ../../build/blade_controller/blade_controller.egg-info to /home/mobot/ROS2/workspace/install/blade_controller/lib/python3.12/site-packages/blade_controller-0.0.0-py3.12.egg-info
[2.194s] running install_scripts
[2.387s] Installing blade_listener_node script to /home/mobot/ROS2/workspace/install/blade_controller/lib/blade_controller
[2.389s] writing list of installed files to '/home/mobot/ROS2/workspace/build/blade_controller/install.log'
[2.507s] Invoked command in '/home/mobot/ROS2/workspace/src/blade_controller' returned '0': PYTHONPATH=/home/mobot/ROS2/workspace/build/blade_controller/prefix_override:/usr/lib/python3/dist-packages/colcon_core/task/python/colcon_distutils_commands:/home/mobot/ROS2/workspace/install/blade_controller/lib/python3.12/site-packages:${PYTHONPATH} /usr/bin/python3 -W ignore:setup.py install is deprecated setup.py egg_info --egg-base ../../build/blade_controller build --build-base /home/mobot/ROS2/workspace/build/blade_controller/build install --record /home/mobot/ROS2/workspace/build/blade_controller/install.log --single-version-externally-managed install_data
