running egg_info
writing ../../build/wheel_controller/wheel_controller.egg-info/PKG-INFO
writing dependency_links to ../../build/wheel_controller/wheel_controller.egg-info/dependency_links.txt
writing entry points to ../../build/wheel_controller/wheel_controller.egg-info/entry_points.txt
writing requirements to ../../build/wheel_controller/wheel_controller.egg-info/requires.txt
writing top-level names to ../../build/wheel_controller/wheel_controller.egg-info/top_level.txt
reading manifest file '../../build/wheel_controller/wheel_controller.egg-info/SOURCES.txt'
writing manifest file '../../build/wheel_controller/wheel_controller.egg-info/SOURCES.txt'
running build
running build_py
copying wheel_controller/__init__.py -> /home/mobot/ROS2/workspace/build/wheel_controller/build/lib/wheel_controller
copying wheel_controller/wheel_listener_node.py -> /home/mobot/ROS2/workspace/build/wheel_controller/build/lib/wheel_controller
running install
running install_lib
running install_data
copying resource/wheel_controller -> /home/mobot/ROS2/workspace/install/wheel_controller/share/ament_index/resource_index/packages
copying package.xml -> /home/mobot/ROS2/workspace/install/wheel_controller/share/wheel_controller
running install_egg_info
removing '/home/mobot/ROS2/workspace/install/wheel_controller/lib/python3.12/site-packages/wheel_controller-0.0.0-py3.12.egg-info' (and everything under it)
Copying ../../build/wheel_controller/wheel_controller.egg-info to /home/mobot/ROS2/workspace/install/wheel_controller/lib/python3.12/site-packages/wheel_controller-0.0.0-py3.12.egg-info
running install_scripts
Installing wheel_listener_node script to /home/mobot/ROS2/workspace/install/wheel_controller/lib/wheel_controller
writing list of installed files to '/home/mobot/ROS2/workspace/build/wheel_controller/install.log'
