running develop
/usr/lib/python3/dist-packages/setuptools/command/develop.py:40: EasyInstallDeprecationWarning: easy_install command is deprecated.
!!

        ********************************************************************************
        Please avoid running ``setup.py`` and ``easy_install``.
        Instead, use pypa/build, pypa/installer or other
        standards-based tools.

        See https://github.com/pypa/setuptools/issues/917 for details.
        ********************************************************************************

!!
  easy_install.initialize_options(self)
running egg_info
writing ps5_controller.egg-info/PKG-INFO
writing dependency_links to ps5_controller.egg-info/dependency_links.txt
writing entry points to ps5_controller.egg-info/entry_points.txt
writing requirements to ps5_controller.egg-info/requires.txt
writing top-level names to ps5_controller.egg-info/top_level.txt
reading manifest file 'ps5_controller.egg-info/SOURCES.txt'
writing manifest file 'ps5_controller.egg-info/SOURCES.txt'
running build_ext
Creating /home/mobot/ROS2/workspace/install/ps5_controller/lib/python3.12/site-packages/ps5-controller.egg-link (link to .)
Installing ps5_publisher_node script to /home/mobot/ROS2/workspace/install/ps5_controller/lib/ps5_controller

Installed /home/mobot/ROS2/workspace/build/ps5_controller
running symlink_data
symbolically linking /home/mobot/ROS2/workspace/build/ps5_controller/resource/ps5_controller -> /home/mobot/ROS2/workspace/install/ps5_controller/share/ament_index/resource_index/packages
symbolically linking /home/mobot/ROS2/workspace/build/ps5_controller/package.xml -> /home/mobot/ROS2/workspace/install/ps5_controller/share/ps5_controller
