[1.147s] Invoking command in '/home/mobot/ROS2/workspace/build/ps5_controller': PS1=(ROS2) \[\e]0;\u@\h: \w\a\]${debian_chroot:+($debian_chroot)}\[\033[01;32m\]\u@\h\[\033[00m\]:\[\033[01;34m\]\w\[\033[00m\]\$ PYTHONPATH=/home/mobot/ROS2/workspace/build/ps5_controller/prefix_override:/usr/lib/python3/dist-packages/colcon_core/task/python/colcon_distutils_commands:/home/mobot/ROS2/workspace/install/ps5_controller/lib/python3.12/site-packages:${PYTHONPATH} VIRTUAL_ENV_PROMPT=(ROS2) /usr/bin/python3 -W ignore:setup.py install is deprecated setup.py develop --editable --build-directory /home/mobot/ROS2/workspace/build/ps5_controller/build --no-deps symlink_data --force
[1.572s] running develop
[1.573s] /usr/lib/python3/dist-packages/setuptools/command/develop.py:40: EasyInstallDeprecationWarning: easy_install command is deprecated.
[1.573s] !!
[1.573s] 
[1.573s]         ********************************************************************************
[1.573s]         Please avoid running ``setup.py`` and ``easy_install``.
[1.573s]         Instead, use pypa/build, pypa/installer or other
[1.573s]         standards-based tools.
[1.573s] 
[1.573s]         See https://github.com/pypa/setuptools/issues/917 for details.
[1.573s]         ********************************************************************************
[1.573s] 
[1.573s] !!
[1.573s]   easy_install.initialize_options(self)
[1.832s] running egg_info
[1.856s] writing ps5_controller.egg-info/PKG-INFO
[1.857s] writing dependency_links to ps5_controller.egg-info/dependency_links.txt
[1.857s] writing entry points to ps5_controller.egg-info/entry_points.txt
[1.857s] writing requirements to ps5_controller.egg-info/requires.txt
[1.857s] writing top-level names to ps5_controller.egg-info/top_level.txt
[1.907s] reading manifest file 'ps5_controller.egg-info/SOURCES.txt'
[1.908s] writing manifest file 'ps5_controller.egg-info/SOURCES.txt'
[1.934s] running build_ext
[1.934s] Creating /home/mobot/ROS2/workspace/install/ps5_controller/lib/python3.12/site-packages/ps5-controller.egg-link (link to .)
[1.935s] Installing ps5_publisher_node script to /home/mobot/ROS2/workspace/install/ps5_controller/lib/ps5_controller
[1.935s] 
[1.935s] Installed /home/mobot/ROS2/workspace/build/ps5_controller
[1.935s] running symlink_data
[1.936s] symbolically linking /home/mobot/ROS2/workspace/build/ps5_controller/resource/ps5_controller -> /home/mobot/ROS2/workspace/install/ps5_controller/share/ament_index/resource_index/packages
[1.936s] symbolically linking /home/mobot/ROS2/workspace/build/ps5_controller/package.xml -> /home/mobot/ROS2/workspace/install/ps5_controller/share/ps5_controller
[2.022s] Invoked command in '/home/mobot/ROS2/workspace/build/ps5_controller' returned '0': PS1=(ROS2) \[\e]0;\u@\h: \w\a\]${debian_chroot:+($debian_chroot)}\[\033[01;32m\]\u@\h\[\033[00m\]:\[\033[01;34m\]\w\[\033[00m\]\$ PYTHONPATH=/home/mobot/ROS2/workspace/build/ps5_controller/prefix_override:/usr/lib/python3/dist-packages/colcon_core/task/python/colcon_distutils_commands:/home/mobot/ROS2/workspace/install/ps5_controller/lib/python3.12/site-packages:${PYTHONPATH} VIRTUAL_ENV_PROMPT=(ROS2) /usr/bin/python3 -W ignore:setup.py install is deprecated setup.py develop --editable --build-directory /home/mobot/ROS2/workspace/build/ps5_controller/build --no-deps symlink_data --force
