[1.157s] Invoking command in '/home/mobot/ROS2/workspace/src/ps5_controller': PYTHONPATH=/home/mobot/ROS2/workspace/build/ps5_controller/prefix_override:/usr/lib/python3/dist-packages/colcon_core/task/python/colcon_distutils_commands:/home/mobot/ROS2/workspace/install/ps5_controller/lib/python3.12/site-packages:${PYTHONPATH} /usr/bin/python3 -W ignore:setup.py install is deprecated setup.py egg_info --egg-base ../../build/ps5_controller build --build-base /home/mobot/ROS2/workspace/build/ps5_controller/build install --record /home/mobot/ROS2/workspace/build/ps5_controller/install.log --single-version-externally-managed install_data
[1.507s] running egg_info
[1.531s] writing ../../build/ps5_controller/ps5_controller.egg-info/PKG-INFO
[1.531s] writing dependency_links to ../../build/ps5_controller/ps5_controller.egg-info/dependency_links.txt
[1.532s] writing entry points to ../../build/ps5_controller/ps5_controller.egg-info/entry_points.txt
[1.532s] writing requirements to ../../build/ps5_controller/ps5_controller.egg-info/requires.txt
[1.532s] writing top-level names to ../../build/ps5_controller/ps5_controller.egg-info/top_level.txt
[1.583s] reading manifest file '../../build/ps5_controller/ps5_controller.egg-info/SOURCES.txt'
[1.584s] writing manifest file '../../build/ps5_controller/ps5_controller.egg-info/SOURCES.txt'
[1.584s] running build
[1.584s] running build_py
[1.584s] copying ps5_controller/ps5_publisher_node.py -> /home/mobot/ROS2/workspace/build/ps5_controller/build/lib/ps5_controller
[1.585s] running install
[1.593s] running install_lib
[1.619s] copying /home/mobot/ROS2/workspace/build/ps5_controller/build/lib/ps5_controller/ps5_publisher_node.py -> /home/mobot/ROS2/workspace/install/ps5_controller/lib/python3.12/site-packages/ps5_controller
[1.620s] byte-compiling /home/mobot/ROS2/workspace/install/ps5_controller/lib/python3.12/site-packages/ps5_controller/ps5_publisher_node.py to ps5_publisher_node.cpython-312.pyc
[1.620s]   File "/home/mobot/ROS2/workspace/install/ps5_controller/lib/python3.12/site-packages/ps5_controller/ps5_publisher_node.py", line 23
[1.621s]     def publish_button_states(self):
[1.621s] SyntaxError: expected 'except' or 'finally' block
[1.621s] 
[1.621s] running install_data
[1.621s] running install_egg_info
[1.647s] removing '/home/mobot/ROS2/workspace/install/ps5_controller/lib/python3.12/site-packages/ps5_controller-0.0.0-py3.12.egg-info' (and everything under it)
[1.648s] Copying ../../build/ps5_controller/ps5_controller.egg-info to /home/mobot/ROS2/workspace/install/ps5_controller/lib/python3.12/site-packages/ps5_controller-0.0.0-py3.12.egg-info
[1.649s] running install_scripts
[1.823s] Installing ps5_publisher_node script to /home/mobot/ROS2/workspace/install/ps5_controller/lib/ps5_controller
[1.823s] writing list of installed files to '/home/mobot/ROS2/workspace/build/ps5_controller/install.log'
[1.898s] Invoked command in '/home/mobot/ROS2/workspace/src/ps5_controller' returned '0': PYTHONPATH=/home/mobot/ROS2/workspace/build/ps5_controller/prefix_override:/usr/lib/python3/dist-packages/colcon_core/task/python/colcon_distutils_commands:/home/mobot/ROS2/workspace/install/ps5_controller/lib/python3.12/site-packages:${PYTHONPATH} /usr/bin/python3 -W ignore:setup.py install is deprecated setup.py egg_info --egg-base ../../build/ps5_controller build --build-base /home/mobot/ROS2/workspace/build/ps5_controller/build install --record /home/mobot/ROS2/workspace/build/ps5_controller/install.log --single-version-externally-managed install_data
