[1.271s] Invoking command in '/home/mobot/ROS2/workspace/src/ps5_controller': PS1=(ROS2) \[\e]0;\u@\h: \w\a\]${debian_chroot:+($debian_chroot)}\[\033[01;32m\]\u@\h\[\033[00m\]:\[\033[01;34m\]\w\[\033[00m\]\$ PYTHONPATH=/home/mobot/ROS2/workspace/src/ps5_controller/build/ps5_controller/prefix_override:/usr/lib/python3/dist-packages/colcon_core/task/python/colcon_distutils_commands:/home/mobot/ROS2/workspace/src/ps5_controller/install/ps5_controller/lib/python3.12/site-packages:${PYTHONPATH} VIRTUAL_ENV_PROMPT=(ROS2) /usr/bin/python3 -W ignore:setup.py install is deprecated setup.py egg_info --egg-base build/ps5_controller build --build-base /home/mobot/ROS2/workspace/src/ps5_controller/build/ps5_controller/build install --record /home/mobot/ROS2/workspace/src/ps5_controller/build/ps5_controller/install.log --single-version-externally-managed install_data
[1.620s] running egg_info
[1.621s] creating build/ps5_controller/ps5_controller.egg-info
[1.645s] writing build/ps5_controller/ps5_controller.egg-info/PKG-INFO
[1.645s] writing dependency_links to build/ps5_controller/ps5_controller.egg-info/dependency_links.txt
[1.645s] writing entry points to build/ps5_controller/ps5_controller.egg-info/entry_points.txt
[1.645s] writing requirements to build/ps5_controller/ps5_controller.egg-info/requires.txt
[1.645s] writing top-level names to build/ps5_controller/ps5_controller.egg-info/top_level.txt
[1.646s] writing manifest file 'build/ps5_controller/ps5_controller.egg-info/SOURCES.txt'
[1.696s] reading manifest file 'build/ps5_controller/ps5_controller.egg-info/SOURCES.txt'
[1.696s] writing manifest file 'build/ps5_controller/ps5_controller.egg-info/SOURCES.txt'
[1.697s] running build
[1.697s] running build_py
[1.697s] creating /home/mobot/ROS2/workspace/src/ps5_controller/build/ps5_controller/build
[1.697s] creating /home/mobot/ROS2/workspace/src/ps5_controller/build/ps5_controller/build/lib
[1.697s] creating /home/mobot/ROS2/workspace/src/ps5_controller/build/ps5_controller/build/lib/ps5_controller
[1.697s] copying ps5_controller/ps5_publisher_node.py -> /home/mobot/ROS2/workspace/src/ps5_controller/build/ps5_controller/build/lib/ps5_controller
[1.697s] copying ps5_controller/__init__.py -> /home/mobot/ROS2/workspace/src/ps5_controller/build/ps5_controller/build/lib/ps5_controller
[1.698s] running install
[1.707s] running install_lib
[1.732s] creating /home/mobot/ROS2/workspace/src/ps5_controller/install/ps5_controller/lib/python3.12/site-packages/ps5_controller
[1.732s] copying /home/mobot/ROS2/workspace/src/ps5_controller/build/ps5_controller/build/lib/ps5_controller/ps5_publisher_node.py -> /home/mobot/ROS2/workspace/src/ps5_controller/install/ps5_controller/lib/python3.12/site-packages/ps5_controller
[1.732s] copying /home/mobot/ROS2/workspace/src/ps5_controller/build/ps5_controller/build/lib/ps5_controller/__init__.py -> /home/mobot/ROS2/workspace/src/ps5_controller/install/ps5_controller/lib/python3.12/site-packages/ps5_controller
[1.733s] byte-compiling /home/mobot/ROS2/workspace/src/ps5_controller/install/ps5_controller/lib/python3.12/site-packages/ps5_controller/ps5_publisher_node.py to ps5_publisher_node.cpython-312.pyc
[1.733s] byte-compiling /home/mobot/ROS2/workspace/src/ps5_controller/install/ps5_controller/lib/python3.12/site-packages/ps5_controller/__init__.py to __init__.cpython-312.pyc
[1.734s] running install_data
[1.734s] creating /home/mobot/ROS2/workspace/src/ps5_controller/install/ps5_controller/share/ament_index
[1.734s] creating /home/mobot/ROS2/workspace/src/ps5_controller/install/ps5_controller/share/ament_index/resource_index
[1.734s] creating /home/mobot/ROS2/workspace/src/ps5_controller/install/ps5_controller/share/ament_index/resource_index/packages
[1.734s] copying resource/ps5_controller -> /home/mobot/ROS2/workspace/src/ps5_controller/install/ps5_controller/share/ament_index/resource_index/packages
[1.734s] copying package.xml -> /home/mobot/ROS2/workspace/src/ps5_controller/install/ps5_controller/share/ps5_controller
[1.734s] running install_egg_info
[1.761s] Copying build/ps5_controller/ps5_controller.egg-info to /home/mobot/ROS2/workspace/src/ps5_controller/install/ps5_controller/lib/python3.12/site-packages/ps5_controller-0.0.0-py3.12.egg-info
[1.762s] running install_scripts
[1.935s] Installing ps5_publisher_node script to /home/mobot/ROS2/workspace/src/ps5_controller/install/ps5_controller/lib/ps5_controller
[1.935s] writing list of installed files to '/home/mobot/ROS2/workspace/src/ps5_controller/build/ps5_controller/install.log'
[2.010s] Invoked command in '/home/mobot/ROS2/workspace/src/ps5_controller' returned '0': PS1=(ROS2) \[\e]0;\u@\h: \w\a\]${debian_chroot:+($debian_chroot)}\[\033[01;32m\]\u@\h\[\033[00m\]:\[\033[01;34m\]\w\[\033[00m\]\$ PYTHONPATH=/home/mobot/ROS2/workspace/src/ps5_controller/build/ps5_controller/prefix_override:/usr/lib/python3/dist-packages/colcon_core/task/python/colcon_distutils_commands:/home/mobot/ROS2/workspace/src/ps5_controller/install/ps5_controller/lib/python3.12/site-packages:${PYTHONPATH} VIRTUAL_ENV_PROMPT=(ROS2) /usr/bin/python3 -W ignore:setup.py install is deprecated setup.py egg_info --egg-base build/ps5_controller build --build-base /home/mobot/ROS2/workspace/src/ps5_controller/build/ps5_controller/build install --record /home/mobot/ROS2/workspace/src/ps5_controller/build/ps5_controller/install.log --single-version-externally-managed install_data
