running egg_info
writing ../../build/custom_msg_types/custom_msg_types.egg-info/PKG-INFO
writing dependency_links to ../../build/custom_msg_types/custom_msg_types.egg-info/dependency_links.txt
writing requirements to ../../build/custom_msg_types/custom_msg_types.egg-info/requires.txt
writing top-level names to ../../build/custom_msg_types/custom_msg_types.egg-info/top_level.txt
reading manifest file '../../build/custom_msg_types/custom_msg_types.egg-info/SOURCES.txt'
writing manifest file '../../build/custom_msg_types/custom_msg_types.egg-info/SOURCES.txt'
running build
running build_py
copying msg/__init__.py -> /home/mobot/ROS2/workspace/build/custom_msg_types/build/lib/msg
copying custom_msg_types/__init__.py -> /home/mobot/ROS2/workspace/build/custom_msg_types/build/lib/custom_msg_types
running install
running install_lib
running install_data
copying resource/custom_msg_types -> /home/mobot/ROS2/workspace/install/custom_msg_types/share/ament_index/resource_index/packages
copying package.xml -> /home/mobot/ROS2/workspace/install/custom_msg_types/share/custom_msg_types
running install_egg_info
removing '/home/mobot/ROS2/workspace/install/custom_msg_types/lib/python3.12/site-packages/custom_msg_types-0.0.0-py3.12.egg-info' (and everything under it)
Copying ../../build/custom_msg_types/custom_msg_types.egg-info to /home/mobot/ROS2/workspace/install/custom_msg_types/lib/python3.12/site-packages/custom_msg_types-0.0.0-py3.12.egg-info
running install_scripts
writing list of installed files to '/home/mobot/ROS2/workspace/build/custom_msg_types/install.log'
