[1.202s] Invoking command in '/home/mobot/ROS2/workspace/src/custom_msg_types': PS1=(ROS2) \[\e]0;\u@\h: \w\a\]${debian_chroot:+($debian_chroot)}\[\033[01;32m\]\u@\h\[\033[00m\]:\[\033[01;34m\]\w\[\033[00m\]\$ PYTHONPATH=/home/mobot/ROS2/workspace/build/custom_msg_types/prefix_override:/usr/lib/python3/dist-packages/colcon_core/task/python/colcon_distutils_commands:/home/mobot/ROS2/workspace/install/custom_msg_types/lib/python3.12/site-packages:${PYTHONPATH} VIRTUAL_ENV_PROMPT=(ROS2) /usr/bin/python3 -W ignore:setup.py install is deprecated setup.py egg_info --egg-base ../../build/custom_msg_types build --build-base /home/mobot/ROS2/workspace/build/custom_msg_types/build install --record /home/mobot/ROS2/workspace/build/custom_msg_types/install.log --single-version-externally-managed install_data
[1.587s] running egg_info
[1.613s] writing ../../build/custom_msg_types/custom_msg_types.egg-info/PKG-INFO
[1.613s] writing dependency_links to ../../build/custom_msg_types/custom_msg_types.egg-info/dependency_links.txt
[1.614s] writing requirements to ../../build/custom_msg_types/custom_msg_types.egg-info/requires.txt
[1.614s] writing top-level names to ../../build/custom_msg_types/custom_msg_types.egg-info/top_level.txt
[1.668s] reading manifest file '../../build/custom_msg_types/custom_msg_types.egg-info/SOURCES.txt'
[1.669s] writing manifest file '../../build/custom_msg_types/custom_msg_types.egg-info/SOURCES.txt'
[1.670s] running build
[1.670s] running build_py
[1.670s] copying msg/__init__.py -> /home/mobot/ROS2/workspace/build/custom_msg_types/build/lib/msg
[1.670s] copying custom_msg_types/__init__.py -> /home/mobot/ROS2/workspace/build/custom_msg_types/build/lib/custom_msg_types
[1.671s] running install
[1.678s] running install_lib
[1.705s] running install_data
[1.705s] copying resource/custom_msg_types -> /home/mobot/ROS2/workspace/install/custom_msg_types/share/ament_index/resource_index/packages
[1.705s] copying package.xml -> /home/mobot/ROS2/workspace/install/custom_msg_types/share/custom_msg_types
[1.705s] running install_egg_info
[1.732s] removing '/home/mobot/ROS2/workspace/install/custom_msg_types/lib/python3.12/site-packages/custom_msg_types-0.0.0-py3.12.egg-info' (and everything under it)
[1.732s] Copying ../../build/custom_msg_types/custom_msg_types.egg-info to /home/mobot/ROS2/workspace/install/custom_msg_types/lib/python3.12/site-packages/custom_msg_types-0.0.0-py3.12.egg-info
[1.733s] running install_scripts
[1.902s] writing list of installed files to '/home/mobot/ROS2/workspace/build/custom_msg_types/install.log'
[1.976s] Invoked command in '/home/mobot/ROS2/workspace/src/custom_msg_types' returned '0': PS1=(ROS2) \[\e]0;\u@\h: \w\a\]${debian_chroot:+($debian_chroot)}\[\033[01;32m\]\u@\h\[\033[00m\]:\[\033[01;34m\]\w\[\033[00m\]\$ PYTHONPATH=/home/mobot/ROS2/workspace/build/custom_msg_types/prefix_override:/usr/lib/python3/dist-packages/colcon_core/task/python/colcon_distutils_commands:/home/mobot/ROS2/workspace/install/custom_msg_types/lib/python3.12/site-packages:${PYTHONPATH} VIRTUAL_ENV_PROMPT=(ROS2) /usr/bin/python3 -W ignore:setup.py install is deprecated setup.py egg_info --egg-base ../../build/custom_msg_types build --build-base /home/mobot/ROS2/workspace/build/custom_msg_types/build install --record /home/mobot/ROS2/workspace/build/custom_msg_types/install.log --single-version-externally-managed install_data
