[1.158s] Invoking command in '/home/mobot/ROS2/workspace/src/ps5_controller': PS1=(ROS2) \[\e]0;\u@\h: \w\a\]${debian_chroot:+($debian_chroot)}\[\033[01;32m\]\u@\h\[\033[00m\]:\[\033[01;34m\]\w\[\033[00m\]\$ PYTHONPATH=/home/mobot/ROS2/workspace/build/ps5_controller/prefix_override:/usr/lib/python3/dist-packages/colcon_core/task/python/colcon_distutils_commands:/home/mobot/ROS2/workspace/install/ps5_controller/lib/python3.12/site-packages:${PYTHONPATH} VIRTUAL_ENV_PROMPT=(ROS2) /usr/bin/python3 -W ignore:setup.py install is deprecated setup.py egg_info --egg-base ../../build/ps5_controller build --build-base /home/mobot/ROS2/workspace/build/ps5_controller/build install --record /home/mobot/ROS2/workspace/build/ps5_controller/install.log --single-version-externally-managed install_data
[1.506s] running egg_info
[1.530s] writing ../../build/ps5_controller/ps5_controller.egg-info/PKG-INFO
[1.530s] writing dependency_links to ../../build/ps5_controller/ps5_controller.egg-info/dependency_links.txt
[1.531s] writing entry points to ../../build/ps5_controller/ps5_controller.egg-info/entry_points.txt
[1.531s] writing requirements to ../../build/ps5_controller/ps5_controller.egg-info/requires.txt
[1.531s] writing top-level names to ../../build/ps5_controller/ps5_controller.egg-info/top_level.txt
[1.581s] reading manifest file '../../build/ps5_controller/ps5_controller.egg-info/SOURCES.txt'
[1.582s] writing manifest file '../../build/ps5_controller/ps5_controller.egg-info/SOURCES.txt'
[1.582s] running build
[1.582s] running build_py
[1.582s] copying ps5_controller/ps5_publisher_node.py -> /home/mobot/ROS2/workspace/build/ps5_controller/build/lib/ps5_controller
[1.583s] running install
[1.592s] running install_lib
[1.617s] copying /home/mobot/ROS2/workspace/build/ps5_controller/build/lib/ps5_controller/ps5_publisher_node.py -> /home/mobot/ROS2/workspace/install/ps5_controller/lib/python3.12/site-packages/ps5_controller
[1.618s] byte-compiling /home/mobot/ROS2/workspace/install/ps5_controller/lib/python3.12/site-packages/ps5_controller/ps5_publisher_node.py to ps5_publisher_node.cpython-312.pyc
[1.619s] running install_data
[1.619s] running install_egg_info
[1.645s] removing '/home/mobot/ROS2/workspace/install/ps5_controller/lib/python3.12/site-packages/ps5_controller-0.0.0-py3.12.egg-info' (and everything under it)
[1.646s] Copying ../../build/ps5_controller/ps5_controller.egg-info to /home/mobot/ROS2/workspace/install/ps5_controller/lib/python3.12/site-packages/ps5_controller-0.0.0-py3.12.egg-info
[1.647s] running install_scripts
[1.821s] Installing ps5_publisher_node script to /home/mobot/ROS2/workspace/install/ps5_controller/lib/ps5_controller
[1.821s] writing list of installed files to '/home/mobot/ROS2/workspace/build/ps5_controller/install.log'
[1.897s] Invoked command in '/home/mobot/ROS2/workspace/src/ps5_controller' returned '0': PS1=(ROS2) \[\e]0;\u@\h: \w\a\]${debian_chroot:+($debian_chroot)}\[\033[01;32m\]\u@\h\[\033[00m\]:\[\033[01;34m\]\w\[\033[00m\]\$ PYTHONPATH=/home/mobot/ROS2/workspace/build/ps5_controller/prefix_override:/usr/lib/python3/dist-packages/colcon_core/task/python/colcon_distutils_commands:/home/mobot/ROS2/workspace/install/ps5_controller/lib/python3.12/site-packages:${PYTHONPATH} VIRTUAL_ENV_PROMPT=(ROS2) /usr/bin/python3 -W ignore:setup.py install is deprecated setup.py egg_info --egg-base ../../build/ps5_controller build --build-base /home/mobot/ROS2/workspace/build/ps5_controller/build install --record /home/mobot/ROS2/workspace/build/ps5_controller/install.log --single-version-externally-managed install_data
