[0mCMake Deprecation Warning at CMakeLists.txt:1 (cmake_minimum_required):
  Compatibility with CMake < 3.5 will be removed from a future version of
  CMake.

  Update the VERSION argument <min> value or use a ...<max> suffix to tell
  CMake that the project does not need compatibility with older versions.

[0m
[33mCMake Warning (dev) at /usr/share/cmake-3.28/Modules/FindPackageHandleStandardArgs.cmake:438 (message):
  The package name passed to `find_package_handle_standard_args` (rt) does
  not match the name of the calling package (RT).  This can lead to problems
  in calling code that expects `find_package` result variables (e.g.,
  `_FOUND`) to follow a certain pattern.
Call Stack (most recent call first):
  cmake/FindRT.cmake:28 (FIND_PACKAGE_HANDLE_STANDARD_ARGS)
  CMakeLists.txt:8 (find_package)
This warning is for project developers.  Use -Wno-dev to suppress it.
[0m
/home/mobot/ROS2/lib/python3.12/site-packages/setuptools/_distutils/cmd.py:66: SetuptoolsDeprecationWarning: setup.py install is deprecated.
!!

        ********************************************************************************
        Please avoid running ``setup.py`` directly.
        Instead, use pypa/build, pypa/installer or other
        standards-based tools.

        See https://blog.ganssle.io/articles/2021/10/setup-py-deprecated.html for details.
        ********************************************************************************

!!
  self.initialize_options()
/home/mobot/ROS2/lib/python3.12/site-packages/setuptools/_distutils/cmd.py:66: EasyInstallDeprecationWarning: easy_install command is deprecated.
!!

        ********************************************************************************
        Please avoid running ``setup.py`` and ``easy_install``.
        Instead, use pypa/build, pypa/installer or other
        standards-based tools.

        See https://github.com/pypa/setuptools/issues/917 for details.
        ********************************************************************************

!!
  self.initialize_options()
error: Cannot update time stamp of directory '/home/mobot/ROS2/workspace/pigpio/pigpio.egg-info'
