running egg_info
writing ../../build/blade_controller/blade_controller.egg-info/PKG-INFO
writing dependency_links to ../../build/blade_controller/blade_controller.egg-info/dependency_links.txt
writing entry points to ../../build/blade_controller/blade_controller.egg-info/entry_points.txt
writing requirements to ../../build/blade_controller/blade_controller.egg-info/requires.txt
writing top-level names to ../../build/blade_controller/blade_controller.egg-info/top_level.txt
reading manifest file '../../build/blade_controller/blade_controller.egg-info/SOURCES.txt'
writing manifest file '../../build/blade_controller/blade_controller.egg-info/SOURCES.txt'
running build
running build_py
copying blade_controller/blade_listener_node.py -> /home/mobot/ROS2/workspace/build/blade_controller/build/lib/blade_controller
copying blade_controller/__init__.py -> /home/mobot/ROS2/workspace/build/blade_controller/build/lib/blade_controller
running install
running install_lib
copying /home/mobot/ROS2/workspace/build/blade_controller/build/lib/blade_controller/blade_listener_node.py -> /home/mobot/ROS2/workspace/install/blade_controller/lib/python3.12/site-packages/blade_controller
byte-compiling /home/mobot/ROS2/workspace/install/blade_controller/lib/python3.12/site-packages/blade_controller/blade_listener_node.py to blade_listener_node.cpython-312.pyc
Sorry: IndentationError: expected an indented block after function definition on line 33 (blade_listener_node.py, line 39)
running install_data
copying resource/blade_controller -> /home/mobot/ROS2/workspace/install/blade_controller/share/ament_index/resource_index/packages
copying package.xml -> /home/mobot/ROS2/workspace/install/blade_controller/share/blade_controller
running install_egg_info
removing '/home/mobot/ROS2/workspace/install/blade_controller/lib/python3.12/site-packages/blade_controller-0.0.0-py3.12.egg-info' (and everything under it)
Copying ../../build/blade_controller/blade_controller.egg-info to /home/mobot/ROS2/workspace/install/blade_controller/lib/python3.12/site-packages/blade_controller-0.0.0-py3.12.egg-info
running install_scripts
Installing blade_listener_node script to /home/mobot/ROS2/workspace/install/blade_controller/lib/blade_controller
writing list of installed files to '/home/mobot/ROS2/workspace/build/blade_controller/install.log'
