[1.779s] Invoking command in '/home/mobot/ROS2/workspace/src/blade_controller': PYTHONPATH=/home/mobot/ROS2/workspace/build/blade_controller/prefix_override:/usr/lib/python3/dist-packages/colcon_core/task/python/colcon_distutils_commands:/home/mobot/ROS2/workspace/install/blade_controller/lib/python3.12/site-packages:${PYTHONPATH} VIRTUAL_ENV_PROMPT=(ROS2) /usr/bin/python3 -W ignore:setup.py install is deprecated setup.py egg_info --egg-base ../../build/blade_controller build --build-base /home/mobot/ROS2/workspace/build/blade_controller/build install --record /home/mobot/ROS2/workspace/build/blade_controller/install.log --single-version-externally-managed install_data
[2.223s] running egg_info
[2.252s] writing ../../build/blade_controller/blade_controller.egg-info/PKG-INFO
[2.253s] writing dependency_links to ../../build/blade_controller/blade_controller.egg-info/dependency_links.txt
[2.253s] writing entry points to ../../build/blade_controller/blade_controller.egg-info/entry_points.txt
[2.254s] writing requirements to ../../build/blade_controller/blade_controller.egg-info/requires.txt
[2.255s] writing top-level names to ../../build/blade_controller/blade_controller.egg-info/top_level.txt
[2.315s] reading manifest file '../../build/blade_controller/blade_controller.egg-info/SOURCES.txt'
[2.316s] writing manifest file '../../build/blade_controller/blade_controller.egg-info/SOURCES.txt'
[2.317s] running build
[2.317s] running build_py
[2.317s] copying blade_controller/blade_listener_node.py -> /home/mobot/ROS2/workspace/build/blade_controller/build/lib/blade_controller
[2.318s] copying blade_controller/__init__.py -> /home/mobot/ROS2/workspace/build/blade_controller/build/lib/blade_controller
[2.318s] running install
[2.326s] running install_lib
[2.357s] copying /home/mobot/ROS2/workspace/build/blade_controller/build/lib/blade_controller/blade_listener_node.py -> /home/mobot/ROS2/workspace/install/blade_controller/lib/python3.12/site-packages/blade_controller
[2.358s] byte-compiling /home/mobot/ROS2/workspace/install/blade_controller/lib/python3.12/site-packages/blade_controller/blade_listener_node.py to blade_listener_node.cpython-312.pyc
[2.360s] Sorry: IndentationError: expected an indented block after function definition on line 33 (blade_listener_node.py, line 39)
[2.360s] running install_data
[2.360s] copying resource/blade_controller -> /home/mobot/ROS2/workspace/install/blade_controller/share/ament_index/resource_index/packages
[2.360s] copying package.xml -> /home/mobot/ROS2/workspace/install/blade_controller/share/blade_controller
[2.360s] running install_egg_info
[2.390s] removing '/home/mobot/ROS2/workspace/install/blade_controller/lib/python3.12/site-packages/blade_controller-0.0.0-py3.12.egg-info' (and everything under it)
[2.391s] Copying ../../build/blade_controller/blade_controller.egg-info to /home/mobot/ROS2/workspace/install/blade_controller/lib/python3.12/site-packages/blade_controller-0.0.0-py3.12.egg-info
[2.392s] running install_scripts
[2.604s] Installing blade_listener_node script to /home/mobot/ROS2/workspace/install/blade_controller/lib/blade_controller
[2.604s] writing list of installed files to '/home/mobot/ROS2/workspace/build/blade_controller/install.log'
[2.689s] Invoked command in '/home/mobot/ROS2/workspace/src/blade_controller' returned '0': PYTHONPATH=/home/mobot/ROS2/workspace/build/blade_controller/prefix_override:/usr/lib/python3/dist-packages/colcon_core/task/python/colcon_distutils_commands:/home/mobot/ROS2/workspace/install/blade_controller/lib/python3.12/site-packages:${PYTHONPATH} VIRTUAL_ENV_PROMPT=(ROS2) /usr/bin/python3 -W ignore:setup.py install is deprecated setup.py egg_info --egg-base ../../build/blade_controller build --build-base /home/mobot/ROS2/workspace/build/blade_controller/build install --record /home/mobot/ROS2/workspace/build/blade_controller/install.log --single-version-externally-managed install_data
