running egg_info
creating ../../build/mower_blade/mower_blade.egg-info
writing ../../build/mower_blade/mower_blade.egg-info/PKG-INFO
writing dependency_links to ../../build/mower_blade/mower_blade.egg-info/dependency_links.txt
writing entry points to ../../build/mower_blade/mower_blade.egg-info/entry_points.txt
writing requirements to ../../build/mower_blade/mower_blade.egg-info/requires.txt
writing top-level names to ../../build/mower_blade/mower_blade.egg-info/top_level.txt
writing manifest file '../../build/mower_blade/mower_blade.egg-info/SOURCES.txt'
reading manifest file '../../build/mower_blade/mower_blade.egg-info/SOURCES.txt'
writing manifest file '../../build/mower_blade/mower_blade.egg-info/SOURCES.txt'
running build
running build_py
creating /home/mobot/ROS2/workspace/build/mower_blade/build
creating /home/mobot/ROS2/workspace/build/mower_blade/build/lib
creating /home/mobot/ROS2/workspace/build/mower_blade/build/lib/mower_blade
copying mower_blade/mower_blade_node.py -> /home/mobot/ROS2/workspace/build/mower_blade/build/lib/mower_blade
copying mower_blade/__init__.py -> /home/mobot/ROS2/workspace/build/mower_blade/build/lib/mower_blade
running install
running install_lib
creating /home/mobot/ROS2/workspace/install/mower_blade/lib/python3.12/site-packages/mower_blade
copying /home/mobot/ROS2/workspace/build/mower_blade/build/lib/mower_blade/mower_blade_node.py -> /home/mobot/ROS2/workspace/install/mower_blade/lib/python3.12/site-packages/mower_blade
copying /home/mobot/ROS2/workspace/build/mower_blade/build/lib/mower_blade/__init__.py -> /home/mobot/ROS2/workspace/install/mower_blade/lib/python3.12/site-packages/mower_blade
byte-compiling /home/mobot/ROS2/workspace/install/mower_blade/lib/python3.12/site-packages/mower_blade/mower_blade_node.py to mower_blade_node.cpython-312.pyc
byte-compiling /home/mobot/ROS2/workspace/install/mower_blade/lib/python3.12/site-packages/mower_blade/__init__.py to __init__.cpython-312.pyc
running install_data
creating /home/mobot/ROS2/workspace/install/mower_blade/share/ament_index
creating /home/mobot/ROS2/workspace/install/mower_blade/share/ament_index/resource_index
creating /home/mobot/ROS2/workspace/install/mower_blade/share/ament_index/resource_index/packages
copying resource/mower_blade -> /home/mobot/ROS2/workspace/install/mower_blade/share/ament_index/resource_index/packages
copying package.xml -> /home/mobot/ROS2/workspace/install/mower_blade/share/mower_blade
running install_egg_info
Copying ../../build/mower_blade/mower_blade.egg-info to /home/mobot/ROS2/workspace/install/mower_blade/lib/python3.12/site-packages/mower_blade-0.0.0-py3.12.egg-info
running install_scripts
Installing mower_blade_node script to /home/mobot/ROS2/workspace/install/mower_blade/lib/mower_blade
writing list of installed files to '/home/mobot/ROS2/workspace/build/mower_blade/install.log'
