[2.173s] Invoking command in '/home/mobot/ROS2/workspace/src/blade_controller': PYTHONPATH=/home/mobot/ROS2/workspace/build/blade_controller/prefix_override:/usr/lib/python3/dist-packages/colcon_core/task/python/colcon_distutils_commands:/home/mobot/ROS2/workspace/install/blade_controller/lib/python3.12/site-packages:${PYTHONPATH} VIRTUAL_ENV_PROMPT=(ROS2) /usr/bin/python3 -W ignore:setup.py install is deprecated setup.py egg_info --egg-base ../../build/blade_controller build --build-base /home/mobot/ROS2/workspace/build/blade_controller/build install --record /home/mobot/ROS2/workspace/build/blade_controller/install.log --single-version-externally-managed install_data
[2.633s] running egg_info
[2.660s] writing ../../build/blade_controller/blade_controller.egg-info/PKG-INFO
[2.662s] writing dependency_links to ../../build/blade_controller/blade_controller.egg-info/dependency_links.txt
[2.662s] writing entry points to ../../build/blade_controller/blade_controller.egg-info/entry_points.txt
[2.662s] writing requirements to ../../build/blade_controller/blade_controller.egg-info/requires.txt
[2.662s] writing top-level names to ../../build/blade_controller/blade_controller.egg-info/top_level.txt
[2.725s] reading manifest file '../../build/blade_controller/blade_controller.egg-info/SOURCES.txt'
[2.727s] writing manifest file '../../build/blade_controller/blade_controller.egg-info/SOURCES.txt'
[2.727s] running build
[2.727s] running build_py
[2.727s] copying blade_controller/blade_listener_node.py -> /home/mobot/ROS2/workspace/build/blade_controller/build/lib/blade_controller
[2.728s] copying blade_controller/__init__.py -> /home/mobot/ROS2/workspace/build/blade_controller/build/lib/blade_controller
[2.729s] running install
[2.736s] running install_lib
[2.767s] running install_data
[2.767s] copying resource/blade_controller -> /home/mobot/ROS2/workspace/install/blade_controller/share/ament_index/resource_index/packages
[2.768s] copying package.xml -> /home/mobot/ROS2/workspace/install/blade_controller/share/blade_controller
[2.769s] running install_egg_info
[2.795s] removing '/home/mobot/ROS2/workspace/install/blade_controller/lib/python3.12/site-packages/blade_controller-0.0.0-py3.12.egg-info' (and everything under it)
[2.797s] Copying ../../build/blade_controller/blade_controller.egg-info to /home/mobot/ROS2/workspace/install/blade_controller/lib/python3.12/site-packages/blade_controller-0.0.0-py3.12.egg-info
[2.797s] running install_scripts
[3.028s] Installing blade_listener_node script to /home/mobot/ROS2/workspace/install/blade_controller/lib/blade_controller
[3.028s] writing list of installed files to '/home/mobot/ROS2/workspace/build/blade_controller/install.log'
[3.106s] Invoked command in '/home/mobot/ROS2/workspace/src/blade_controller' returned '0': PYTHONPATH=/home/mobot/ROS2/workspace/build/blade_controller/prefix_override:/usr/lib/python3/dist-packages/colcon_core/task/python/colcon_distutils_commands:/home/mobot/ROS2/workspace/install/blade_controller/lib/python3.12/site-packages:${PYTHONPATH} VIRTUAL_ENV_PROMPT=(ROS2) /usr/bin/python3 -W ignore:setup.py install is deprecated setup.py egg_info --egg-base ../../build/blade_controller build --build-base /home/mobot/ROS2/workspace/build/blade_controller/build install --record /home/mobot/ROS2/workspace/build/blade_controller/install.log --single-version-externally-managed install_data
