[2.196s] Invoking command in '/home/mobot/ROS2/workspace/src/ps5_controller': PYTHONPATH=/home/mobot/ROS2/workspace/build/ps5_controller/prefix_override:/usr/lib/python3/dist-packages/colcon_core/task/python/colcon_distutils_commands:/home/mobot/ROS2/workspace/install/ps5_controller/lib/python3.12/site-packages:${PYTHONPATH} VIRTUAL_ENV_PROMPT=(ROS2) /usr/bin/python3 -W ignore:setup.py install is deprecated setup.py egg_info --egg-base ../../build/ps5_controller build --build-base /home/mobot/ROS2/workspace/build/ps5_controller/build install --record /home/mobot/ROS2/workspace/build/ps5_controller/install.log --single-version-externally-managed install_data
[2.656s] running egg_info
[2.685s] writing ../../build/ps5_controller/ps5_controller.egg-info/PKG-INFO
[2.687s] writing dependency_links to ../../build/ps5_controller/ps5_controller.egg-info/dependency_links.txt
[2.687s] writing entry points to ../../build/ps5_controller/ps5_controller.egg-info/entry_points.txt
[2.687s] writing requirements to ../../build/ps5_controller/ps5_controller.egg-info/requires.txt
[2.687s] writing top-level names to ../../build/ps5_controller/ps5_controller.egg-info/top_level.txt
[2.747s] reading manifest file '../../build/ps5_controller/ps5_controller.egg-info/SOURCES.txt'
[2.748s] writing manifest file '../../build/ps5_controller/ps5_controller.egg-info/SOURCES.txt'
[2.749s] running build
[2.750s] running build_py
[2.750s] copying ps5_controller/ps5_publisher_node.py -> /home/mobot/ROS2/workspace/build/ps5_controller/build/lib/ps5_controller
[2.750s] copying ps5_controller/__init__.py -> /home/mobot/ROS2/workspace/build/ps5_controller/build/lib/ps5_controller
[2.750s] running install
[2.758s] running install_lib
[2.789s] running install_data
[2.790s] copying resource/ps5_controller -> /home/mobot/ROS2/workspace/install/ps5_controller/share/ament_index/resource_index/packages
[2.790s] copying package.xml -> /home/mobot/ROS2/workspace/install/ps5_controller/share/ps5_controller
[2.791s] running install_egg_info
[2.818s] removing '/home/mobot/ROS2/workspace/install/ps5_controller/lib/python3.12/site-packages/ps5_controller-0.0.0-py3.12.egg-info' (and everything under it)
[2.821s] Copying ../../build/ps5_controller/ps5_controller.egg-info to /home/mobot/ROS2/workspace/install/ps5_controller/lib/python3.12/site-packages/ps5_controller-0.0.0-py3.12.egg-info
[2.821s] running install_scripts
[3.054s] Installing ps5_publisher_node script to /home/mobot/ROS2/workspace/install/ps5_controller/lib/ps5_controller
[3.054s] writing list of installed files to '/home/mobot/ROS2/workspace/build/ps5_controller/install.log'
[3.134s] Invoked command in '/home/mobot/ROS2/workspace/src/ps5_controller' returned '0': PYTHONPATH=/home/mobot/ROS2/workspace/build/ps5_controller/prefix_override:/usr/lib/python3/dist-packages/colcon_core/task/python/colcon_distutils_commands:/home/mobot/ROS2/workspace/install/ps5_controller/lib/python3.12/site-packages:${PYTHONPATH} VIRTUAL_ENV_PROMPT=(ROS2) /usr/bin/python3 -W ignore:setup.py install is deprecated setup.py egg_info --egg-base ../../build/ps5_controller build --build-base /home/mobot/ROS2/workspace/build/ps5_controller/build install --record /home/mobot/ROS2/workspace/build/ps5_controller/install.log --single-version-externally-managed install_data
