[2.344s] Invoking command in '/home/mobot/ROS2/workspace/src/ps5_controller': PYTHONPATH=/home/mobot/ROS2/workspace/build/ps5_controller/prefix_override:/usr/lib/python3/dist-packages/colcon_core/task/python/colcon_distutils_commands:/home/mobot/ROS2/workspace/install/ps5_controller/lib/python3.12/site-packages:${PYTHONPATH} VIRTUAL_ENV_PROMPT=(ROS2) /usr/bin/python3 -W ignore:setup.py install is deprecated setup.py egg_info --egg-base ../../build/ps5_controller build --build-base /home/mobot/ROS2/workspace/build/ps5_controller/build install --record /home/mobot/ROS2/workspace/build/ps5_controller/install.log --single-version-externally-managed install_data
[2.878s] running egg_info
[2.907s] writing ../../build/ps5_controller/ps5_controller.egg-info/PKG-INFO
[2.910s] writing dependency_links to ../../build/ps5_controller/ps5_controller.egg-info/dependency_links.txt
[2.910s] writing entry points to ../../build/ps5_controller/ps5_controller.egg-info/entry_points.txt
[2.910s] writing requirements to ../../build/ps5_controller/ps5_controller.egg-info/requires.txt
[2.910s] writing top-level names to ../../build/ps5_controller/ps5_controller.egg-info/top_level.txt
[2.971s] reading manifest file '../../build/ps5_controller/ps5_controller.egg-info/SOURCES.txt'
[2.972s] writing manifest file '../../build/ps5_controller/ps5_controller.egg-info/SOURCES.txt'
[2.973s] running build
[2.973s] running build_py
[2.974s] copying ps5_controller/ps5_publisher_node.py -> /home/mobot/ROS2/workspace/build/ps5_controller/build/lib/ps5_controller
[2.975s] copying ps5_controller/__init__.py -> /home/mobot/ROS2/workspace/build/ps5_controller/build/lib/ps5_controller
[2.975s] running install
[2.983s] running install_lib
[3.015s] running install_data
[3.018s] copying resource/ps5_controller -> /home/mobot/ROS2/workspace/install/ps5_controller/share/ament_index/resource_index/packages
[3.018s] copying package.xml -> /home/mobot/ROS2/workspace/install/ps5_controller/share/ps5_controller
[3.019s] running install_egg_info
[3.047s] removing '/home/mobot/ROS2/workspace/install/ps5_controller/lib/python3.12/site-packages/ps5_controller-0.0.0-py3.12.egg-info' (and everything under it)
[3.048s] Copying ../../build/ps5_controller/ps5_controller.egg-info to /home/mobot/ROS2/workspace/install/ps5_controller/lib/python3.12/site-packages/ps5_controller-0.0.0-py3.12.egg-info
[3.049s] running install_scripts
[3.277s] Installing ps5_publisher_node script to /home/mobot/ROS2/workspace/install/ps5_controller/lib/ps5_controller
[3.285s] writing list of installed files to '/home/mobot/ROS2/workspace/build/ps5_controller/install.log'
[3.382s] Invoked command in '/home/mobot/ROS2/workspace/src/ps5_controller' returned '0': PYTHONPATH=/home/mobot/ROS2/workspace/build/ps5_controller/prefix_override:/usr/lib/python3/dist-packages/colcon_core/task/python/colcon_distutils_commands:/home/mobot/ROS2/workspace/install/ps5_controller/lib/python3.12/site-packages:${PYTHONPATH} VIRTUAL_ENV_PROMPT=(ROS2) /usr/bin/python3 -W ignore:setup.py install is deprecated setup.py egg_info --egg-base ../../build/ps5_controller build --build-base /home/mobot/ROS2/workspace/build/ps5_controller/build install --record /home/mobot/ROS2/workspace/build/ps5_controller/install.log --single-version-externally-managed install_data
