[1.842s] Invoking command in '/home/mobot/ROS2/workspace/src/blade_controller': PYTHONPATH=/home/mobot/ROS2/workspace/build/blade_controller/prefix_override:/usr/lib/python3/dist-packages/colcon_core/task/python/colcon_distutils_commands:/home/mobot/ROS2/workspace/install/blade_controller/lib/python3.12/site-packages:${PYTHONPATH} VIRTUAL_ENV_PROMPT=(ROS2) /usr/bin/python3 -W ignore:setup.py install is deprecated setup.py egg_info --egg-base ../../build/blade_controller build --build-base /home/mobot/ROS2/workspace/build/blade_controller/build install --record /home/mobot/ROS2/workspace/build/blade_controller/install.log --single-version-externally-managed install_data
[2.262s] running egg_info
[2.289s] writing ../../build/blade_controller/blade_controller.egg-info/PKG-INFO
[2.290s] writing dependency_links to ../../build/blade_controller/blade_controller.egg-info/dependency_links.txt
[2.290s] writing entry points to ../../build/blade_controller/blade_controller.egg-info/entry_points.txt
[2.290s] writing requirements to ../../build/blade_controller/blade_controller.egg-info/requires.txt
[2.291s] writing top-level names to ../../build/blade_controller/blade_controller.egg-info/top_level.txt
[2.347s] reading manifest file '../../build/blade_controller/blade_controller.egg-info/SOURCES.txt'
[2.348s] writing manifest file '../../build/blade_controller/blade_controller.egg-info/SOURCES.txt'
[2.350s] running build
[2.350s] running build_py
[2.350s] copying blade_controller/blade_listener_node.py -> /home/mobot/ROS2/workspace/build/blade_controller/build/lib/blade_controller
[2.350s] copying blade_controller/__init__.py -> /home/mobot/ROS2/workspace/build/blade_controller/build/lib/blade_controller
[2.350s] running install
[2.358s] running install_lib
[2.386s] copying /home/mobot/ROS2/workspace/build/blade_controller/build/lib/blade_controller/blade_listener_node.py -> /home/mobot/ROS2/workspace/install/blade_controller/lib/python3.12/site-packages/blade_controller
[2.387s] byte-compiling /home/mobot/ROS2/workspace/install/blade_controller/lib/python3.12/site-packages/blade_controller/blade_listener_node.py to blade_listener_node.cpython-312.pyc
[2.388s] running install_data
[2.388s] copying resource/blade_controller -> /home/mobot/ROS2/workspace/install/blade_controller/share/ament_index/resource_index/packages
[2.388s] copying package.xml -> /home/mobot/ROS2/workspace/install/blade_controller/share/blade_controller
[2.389s] running install_egg_info
[2.417s] removing '/home/mobot/ROS2/workspace/install/blade_controller/lib/python3.12/site-packages/blade_controller-0.0.0-py3.12.egg-info' (and everything under it)
[2.419s] Copying ../../build/blade_controller/blade_controller.egg-info to /home/mobot/ROS2/workspace/install/blade_controller/lib/python3.12/site-packages/blade_controller-0.0.0-py3.12.egg-info
[2.420s] running install_scripts
[2.619s] Installing blade_listener_node script to /home/mobot/ROS2/workspace/install/blade_controller/lib/blade_controller
[2.620s] writing list of installed files to '/home/mobot/ROS2/workspace/build/blade_controller/install.log'
[2.703s] Invoked command in '/home/mobot/ROS2/workspace/src/blade_controller' returned '0': PYTHONPATH=/home/mobot/ROS2/workspace/build/blade_controller/prefix_override:/usr/lib/python3/dist-packages/colcon_core/task/python/colcon_distutils_commands:/home/mobot/ROS2/workspace/install/blade_controller/lib/python3.12/site-packages:${PYTHONPATH} VIRTUAL_ENV_PROMPT=(ROS2) /usr/bin/python3 -W ignore:setup.py install is deprecated setup.py egg_info --egg-base ../../build/blade_controller build --build-base /home/mobot/ROS2/workspace/build/blade_controller/build install --record /home/mobot/ROS2/workspace/build/blade_controller/install.log --single-version-externally-managed install_data
